[2019-06-30 23:29:21.609] [cpu_temp] [info] Starting app...
[2019-06-30 23:29:21.610] [cpu_temp] [error] I/O error while reading config file.
[2019-06-30 23:33:21.934] [cpu_temp] [info] Starting app...
[2019-06-30 23:33:21.935] [cpu_temp] [error] I/O error while reading config file.
[2019-06-30 23:34:46.582] [cpu_temp] [info] Starting app...
[2019-06-30 23:34:46.583] [cpu_temp] [info] Config parsed.
[2019-06-30 23:34:46.584] [cpu_temp] [info] Socket opened at: 15001
[2019-06-30 23:34:47.588] [cpu_temp] [info] Cpu temperature: 0.123
[2019-06-30 23:34:48.593] [cpu_temp] [info] Cpu temperature: 0.123
[2019-06-30 23:34:49.599] [cpu_temp] [info] Cpu temperature: 0.123
[2019-06-30 23:34:50.604] [cpu_temp] [info] Cpu temperature: 0.123
[2019-06-30 23:34:51.609] [cpu_temp] [info] Cpu temperature: 0.123
[2019-06-30 23:34:52.615] [cpu_temp] [info] Cpu temperature: 0.123
[2019-06-30 23:34:53.615] [cpu_temp] [info] Cpu temperature: 0.123
[2019-06-30 23:34:54.620] [cpu_temp] [info] Cpu temperature: 0.123
[2019-06-30 23:34:55.626] [cpu_temp] [info] Cpu temperature: 0.123
[2019-06-30 23:34:56.631] [cpu_temp] [info] Cpu temperature: 0.123
[2019-06-30 23:34:57.632] [cpu_temp] [info] Cpu temperature: 0.123
[2019-06-30 23:34:58.632] [cpu_temp] [info] Cpu temperature: 0.123
[2019-06-30 23:34:59.632] [cpu_temp] [info] Cpu temperature: 0.123
[2019-06-30 23:35:00.633] [cpu_temp] [info] Cpu temperature: 0.123
[2019-06-30 23:35:01.634] [cpu_temp] [info] Cpu temperature: 0.123
[2019-06-30 23:35:02.639] [cpu_temp] [info] Cpu temperature: 0.123
[2019-06-30 23:35:03.644] [cpu_temp] [info] Cpu temperature: 0.123
[2019-06-30 23:35:04.646] [cpu_temp] [info] Cpu temperature: 0.123
[2019-06-30 23:35:05.651] [cpu_temp] [info] Cpu temperature: 0.123
[2019-06-30 23:35:06.656] [cpu_temp] [info] Cpu temperature: 0.123
[2019-06-30 23:35:07.662] [cpu_temp] [info] Cpu temperature: 0.123
[2019-06-30 23:35:08.667] [cpu_temp] [info] Cpu temperature: 0.123
[2019-06-30 23:35:09.668] [cpu_temp] [info] Cpu temperature: 0.123
[2019-06-30 23:35:10.671] [cpu_temp] [info] Cpu temperature: 0.123
[2019-06-30 23:35:11.674] [cpu_temp] [info] Cpu temperature: 0.123
[2019-06-30 23:35:12.678] [cpu_temp] [info] Cpu temperature: 0.123
[2019-06-30 23:35:13.678] [cpu_temp] [info] Cpu temperature: 0.123
[2019-06-30 23:35:14.678] [cpu_temp] [info] Cpu temperature: 0.123
[2019-06-30 23:35:15.684] [cpu_temp] [info] Cpu temperature: 0.123
[2019-06-30 23:35:16.689] [cpu_temp] [info] Cpu temperature: 0.123
[2019-06-30 23:35:17.689] [cpu_temp] [info] Cpu temperature: 0.123
[2019-06-30 23:35:18.693] [cpu_temp] [info] Cpu temperature: 0.123
[2019-06-30 23:35:19.699] [cpu_temp] [info] Cpu temperature: 0.123
[2019-06-30 23:35:20.704] [cpu_temp] [info] Cpu temperature: 0.123
[2019-06-30 23:35:21.709] [cpu_temp] [info] Cpu temperature: 0.123
[2019-06-30 23:35:22.711] [cpu_temp] [info] Cpu temperature: 0.123
[2019-06-30 23:35:23.716] [cpu_temp] [info] Cpu temperature: 0.123
[2019-06-30 23:35:24.722] [cpu_temp] [info] Cpu temperature: 0.123
[2019-06-30 23:35:25.725] [cpu_temp] [info] Cpu temperature: 0.123
[2019-06-30 23:35:26.730] [cpu_temp] [info] Cpu temperature: 0.123
[2019-06-30 23:35:27.731] [cpu_temp] [info] Cpu temperature: 0.123
[2019-06-30 23:35:28.731] [cpu_temp] [info] Cpu temperature: 0.123
[2019-06-30 23:35:29.733] [cpu_temp] [info] Cpu temperature: 0.123
[2019-06-30 23:35:30.738] [cpu_temp] [info] Cpu temperature: 0.123
[2019-06-30 23:35:31.743] [cpu_temp] [info] Cpu temperature: 0.123
[2019-06-30 23:35:32.753] [cpu_temp] [info] Cpu temperature: 0.123
[2019-06-30 23:35:33.754] [cpu_temp] [info] Cpu temperature: 0.123
[2019-06-30 23:35:34.759] [cpu_temp] [info] Cpu temperature: 0.123
[2019-06-30 23:35:35.759] [cpu_temp] [info] Cpu temperature: 0.123
[2019-06-30 23:35:36.763] [cpu_temp] [info] Cpu temperature: 0.123
[2019-06-30 23:35:37.767] [cpu_temp] [info] Cpu temperature: 0.123
[2019-06-30 23:35:38.768] [cpu_temp] [info] Cpu temperature: 0.123
[2019-06-30 23:35:39.768] [cpu_temp] [info] Cpu temperature: 0.123
[2019-06-30 23:35:40.773] [cpu_temp] [info] Cpu temperature: 0.123
[2019-06-30 23:35:41.777] [cpu_temp] [info] Cpu temperature: 0.123
[2019-06-30 23:35:42.783] [cpu_temp] [info] Cpu temperature: 0.123
[2019-06-30 23:35:43.783] [cpu_temp] [info] Cpu temperature: 0.123
[2019-06-30 23:35:44.787] [cpu_temp] [info] Cpu temperature: 0.123
[2019-06-30 23:35:45.792] [cpu_temp] [info] Cpu temperature: 0.123
[2019-06-30 23:35:46.796] [cpu_temp] [info] Cpu temperature: 0.123
[2019-06-30 23:35:47.798] [cpu_temp] [info] Cpu temperature: 0.123
[2019-06-30 23:35:48.803] [cpu_temp] [info] Cpu temperature: 0.123
[2019-06-30 23:35:49.809] [cpu_temp] [info] Cpu temperature: 0.123
[2019-06-30 23:35:50.809] [cpu_temp] [info] Cpu temperature: 0.123
[2019-06-30 23:35:51.812] [cpu_temp] [info] Cpu temperature: 0.123
[2019-06-30 23:35:52.813] [cpu_temp] [info] Cpu temperature: 0.123
[2019-06-30 23:35:53.818] [cpu_temp] [info] Cpu temperature: 0.123
[2019-06-30 23:35:54.824] [cpu_temp] [info] Cpu temperature: 0.123
[2019-06-30 23:35:55.829] [cpu_temp] [info] Cpu temperature: 0.123
[2019-06-30 23:35:56.835] [cpu_temp] [info] Cpu temperature: 0.123
[2019-06-30 23:35:57.840] [cpu_temp] [info] Cpu temperature: 0.123
[2019-06-30 23:35:58.845] [cpu_temp] [info] Cpu temperature: 0.123
[2019-06-30 23:35:59.850] [cpu_temp] [info] Cpu temperature: 0.123
[2019-06-30 23:36:00.851] [cpu_temp] [info] Cpu temperature: 0.123
[2019-06-30 23:36:01.851] [cpu_temp] [info] Cpu temperature: 0.123
[2019-06-30 23:36:02.858] [cpu_temp] [info] Cpu temperature: 0.123
[2019-06-30 23:36:03.860] [cpu_temp] [info] Cpu temperature: 0.123
[2019-06-30 23:36:04.865] [cpu_temp] [info] Cpu temperature: 0.123
[2019-06-30 23:36:05.868] [cpu_temp] [info] Cpu temperature: 0.123
[2019-06-30 23:36:06.873] [cpu_temp] [info] Cpu temperature: 0.123
[2019-06-30 23:36:07.878] [cpu_temp] [info] Cpu temperature: 0.123
[2019-06-30 23:36:08.879] [cpu_temp] [info] Cpu temperature: 0.123
[2019-06-30 23:36:09.879] [cpu_temp] [info] Cpu temperature: 0.123
[2019-06-30 23:36:10.879] [cpu_temp] [info] Cpu temperature: 0.123
[2019-06-30 23:36:11.881] [cpu_temp] [info] Cpu temperature: 0.123
[2019-06-30 23:36:12.885] [cpu_temp] [info] Cpu temperature: 0.123
[2019-06-30 23:36:13.886] [cpu_temp] [info] Cpu temperature: 0.123
[2019-06-30 23:36:14.887] [cpu_temp] [info] Cpu temperature: 0.123
[2019-06-30 23:36:15.893] [cpu_temp] [info] Cpu temperature: 0.123
[2019-06-30 23:36:16.893] [cpu_temp] [info] Cpu temperature: 0.123
[2019-06-30 23:36:17.898] [cpu_temp] [info] Cpu temperature: 0.123
[2019-06-30 23:36:18.900] [cpu_temp] [info] Cpu temperature: 0.123
[2019-06-30 23:36:19.902] [cpu_temp] [info] Cpu temperature: 0.123
[2019-06-30 23:36:20.904] [cpu_temp] [info] Cpu temperature: 0.123
[2019-06-30 23:36:21.908] [cpu_temp] [info] Cpu temperature: 0.123
[2019-06-30 23:36:22.911] [cpu_temp] [info] Cpu temperature: 0.123
[2019-06-30 23:36:23.915] [cpu_temp] [info] Cpu temperature: 0.123
[2019-06-30 23:36:24.916] [cpu_temp] [info] Cpu temperature: 0.123
[2019-06-30 23:36:25.921] [cpu_temp] [info] Cpu temperature: 0.123
[2019-06-30 23:36:26.924] [cpu_temp] [info] Cpu temperature: 0.123
[2019-06-30 23:36:27.928] [cpu_temp] [info] Cpu temperature: 0.123
[2019-06-30 23:36:28.930] [cpu_temp] [info] Cpu temperature: 0.123
[2019-06-30 23:36:29.933] [cpu_temp] [info] Cpu temperature: 0.123
[2019-06-30 23:36:30.936] [cpu_temp] [info] Cpu temperature: 0.123
[2019-06-30 23:36:31.969] [cpu_temp] [info] Cpu temperature: 0.123
[2019-06-30 23:36:32.974] [cpu_temp] [info] Cpu temperature: 0.123
[2019-06-30 23:36:33.978] [cpu_temp] [info] Cpu temperature: 0.123
[2019-06-30 23:36:34.980] [cpu_temp] [info] Cpu temperature: 0.123
[2019-06-30 23:36:35.981] [cpu_temp] [info] Cpu temperature: 0.123
[2019-06-30 23:36:36.981] [cpu_temp] [info] Cpu temperature: 0.123
[2019-06-30 23:36:37.982] [cpu_temp] [info] Cpu temperature: 0.123
[2019-06-30 23:36:38.987] [cpu_temp] [info] Cpu temperature: 0.123
[2019-06-30 23:36:39.990] [cpu_temp] [info] Cpu temperature: 0.123
[2019-06-30 23:36:40.990] [cpu_temp] [info] Cpu temperature: 0.123
[2019-06-30 23:36:41.993] [cpu_temp] [info] Cpu temperature: 0.123
[2019-06-30 23:36:42.998] [cpu_temp] [info] Cpu temperature: 0.123
[2019-06-30 23:36:44.001] [cpu_temp] [info] Cpu temperature: 0.123
[2019-07-02 22:55:06.995] [cpu_temp] [info] Starting app...
[2019-07-02 22:55:07.998] [cpu_temp] [info] Cpu temperature: 0.123
[2019-07-02 22:55:08.998] [cpu_temp] [info] Cpu temperature: 0.123
[2019-07-02 22:55:10.003] [cpu_temp] [info] Cpu temperature: 0.123
[2019-07-02 22:55:11.008] [cpu_temp] [info] Cpu temperature: 0.123
[2019-07-02 22:55:12.013] [cpu_temp] [info] Cpu temperature: 0.123
[2019-07-02 22:55:13.019] [cpu_temp] [info] Cpu temperature: 0.123
[2019-07-02 22:55:14.024] [cpu_temp] [info] Cpu temperature: 0.123
[2019-07-02 22:55:15.027] [cpu_temp] [info] Cpu temperature: 0.123
[2019-07-02 22:55:16.028] [cpu_temp] [info] Cpu temperature: 0.123
[2019-07-02 22:55:17.031] [cpu_temp] [info] Cpu temperature: 0.123
[2019-07-02 22:55:18.038] [cpu_temp] [info] Cpu temperature: 0.123
[2019-07-02 22:55:19.043] [cpu_temp] [info] Cpu temperature: 0.123
[2019-07-02 22:55:20.045] [cpu_temp] [info] Cpu temperature: 0.123
[2019-07-02 22:55:21.051] [cpu_temp] [info] Cpu temperature: 0.123
[2019-07-02 22:55:22.056] [cpu_temp] [info] Cpu temperature: 0.123
[2019-07-02 22:55:23.059] [cpu_temp] [info] Cpu temperature: 0.123
[2019-07-02 22:55:24.065] [cpu_temp] [info] Cpu temperature: 0.123
[2019-07-02 22:55:25.065] [cpu_temp] [info] Cpu temperature: 0.123
[2019-07-02 22:55:26.066] [cpu_temp] [info] Cpu temperature: 0.123
[2019-07-02 22:55:27.066] [cpu_temp] [info] Cpu temperature: 0.123
[2019-07-02 22:55:28.066] [cpu_temp] [info] Cpu temperature: 0.123
[2019-07-02 22:55:29.068] [cpu_temp] [info] Cpu temperature: 0.123
[2019-07-02 22:55:30.070] [cpu_temp] [info] Cpu temperature: 0.123
[2019-07-02 22:55:31.072] [cpu_temp] [info] Cpu temperature: 0.123
[2019-07-02 22:55:32.073] [cpu_temp] [info] Cpu temperature: 0.123
[2019-07-02 22:55:33.076] [cpu_temp] [info] Cpu temperature: 0.123
[2019-07-02 22:55:34.076] [cpu_temp] [info] Cpu temperature: 0.123
[2019-07-02 22:55:35.080] [cpu_temp] [info] Cpu temperature: 0.123
[2019-07-02 22:55:36.082] [cpu_temp] [info] Cpu temperature: 0.123
[2019-07-02 22:55:37.085] [cpu_temp] [info] Cpu temperature: 0.123
[2019-07-02 22:55:38.086] [cpu_temp] [info] Cpu temperature: 0.123
[2019-07-02 22:55:39.086] [cpu_temp] [info] Cpu temperature: 0.123
[2019-07-02 22:55:40.091] [cpu_temp] [info] Cpu temperature: 0.123
[2019-07-02 22:55:41.094] [cpu_temp] [info] Cpu temperature: 0.123
[2019-07-02 22:55:42.097] [cpu_temp] [info] Cpu temperature: 0.123
[2019-07-02 22:55:43.101] [cpu_temp] [info] Cpu temperature: 0.123
[2019-07-02 22:55:44.103] [cpu_temp] [info] Cpu temperature: 0.123
[2019-07-02 22:55:45.105] [cpu_temp] [info] Cpu temperature: 0.123
[2019-07-02 22:55:46.108] [cpu_temp] [info] Cpu temperature: 0.123
[2019-07-02 22:55:47.113] [cpu_temp] [info] Cpu temperature: 0.123
[2019-07-02 22:55:48.118] [cpu_temp] [info] Cpu temperature: 0.123
[2019-07-02 22:55:49.120] [cpu_temp] [info] Cpu temperature: 0.123
[2019-07-02 22:55:50.125] [cpu_temp] [info] Cpu temperature: 0.123
[2019-07-02 22:55:51.129] [cpu_temp] [info] Cpu temperature: 0.123
[2019-07-02 22:55:52.131] [cpu_temp] [info] Cpu temperature: 0.123
[2019-07-02 22:55:53.135] [cpu_temp] [info] Cpu temperature: 0.123
[2019-07-02 22:55:54.137] [cpu_temp] [info] Cpu temperature: 0.123
[2019-07-02 22:55:55.137] [cpu_temp] [info] Cpu temperature: 0.123
[2019-07-02 22:55:56.142] [cpu_temp] [info] Cpu temperature: 0.123
[2019-07-02 22:55:57.145] [cpu_temp] [info] Cpu temperature: 0.123
[2019-07-02 22:55:58.145] [cpu_temp] [info] Cpu temperature: 0.123
[2019-07-02 22:55:59.146] [cpu_temp] [info] Cpu temperature: 0.123
[2019-07-02 22:56:00.150] [cpu_temp] [info] Cpu temperature: 0.123
[2019-07-02 22:56:01.150] [cpu_temp] [info] Cpu temperature: 0.123
[2019-07-02 22:56:02.154] [cpu_temp] [info] Cpu temperature: 0.123
[2019-07-02 22:56:03.158] [cpu_temp] [info] Cpu temperature: 0.123
[2019-07-02 22:56:04.162] [cpu_temp] [info] Cpu temperature: 0.123
[2019-07-02 22:56:05.163] [cpu_temp] [info] Cpu temperature: 0.123
[2019-07-02 22:56:06.164] [cpu_temp] [info] Cpu temperature: 0.123
[2019-07-02 22:56:07.166] [cpu_temp] [info] Cpu temperature: 0.123
[2019-07-02 22:56:08.168] [cpu_temp] [info] Cpu temperature: 0.123
[2019-07-02 22:56:09.168] [cpu_temp] [info] Cpu temperature: 0.123
[2019-07-02 22:56:10.173] [cpu_temp] [info] Cpu temperature: 0.123
[2019-07-02 22:56:11.177] [cpu_temp] [info] Cpu temperature: 0.123
[2019-07-02 22:56:12.182] [cpu_temp] [info] Cpu temperature: 0.123
[2019-07-02 22:56:13.186] [cpu_temp] [info] Cpu temperature: 0.123
[2019-07-02 22:56:14.191] [cpu_temp] [info] Cpu temperature: 0.123
[2019-07-02 22:56:15.191] [cpu_temp] [info] Cpu temperature: 0.123
[2019-07-02 22:56:16.192] [cpu_temp] [info] Cpu temperature: 0.123
[2019-07-02 22:56:17.197] [cpu_temp] [info] Cpu temperature: 0.123
[2019-07-02 22:56:18.199] [cpu_temp] [info] Cpu temperature: 0.123
[2019-07-02 22:56:19.204] [cpu_temp] [info] Cpu temperature: 0.123
[2019-07-02 22:56:20.208] [cpu_temp] [info] Cpu temperature: 0.123
[2019-07-02 22:56:21.212] [cpu_temp] [info] Cpu temperature: 0.123
[2019-07-02 22:56:22.215] [cpu_temp] [info] Cpu temperature: 0.123
[2019-07-02 22:56:23.215] [cpu_temp] [info] Cpu temperature: 0.123
[2019-07-02 22:56:24.220] [cpu_temp] [info] Cpu temperature: 0.123
[2019-07-02 22:56:25.224] [cpu_temp] [info] Cpu temperature: 0.123
[2019-07-02 22:56:26.224] [cpu_temp] [info] Cpu temperature: 0.123
[2019-07-02 22:56:27.230] [cpu_temp] [info] Cpu temperature: 0.123
[2019-07-02 22:56:28.230] [cpu_temp] [info] Cpu temperature: 0.123
[2019-07-02 22:56:29.235] [cpu_temp] [info] Cpu temperature: 0.123
[2019-07-02 22:56:30.241] [cpu_temp] [info] Cpu temperature: 0.123
[2019-07-02 22:56:31.241] [cpu_temp] [info] Cpu temperature: 0.123
[2019-07-02 22:56:32.241] [cpu_temp] [info] Cpu temperature: 0.123
[2019-07-02 22:56:33.245] [cpu_temp] [info] Cpu temperature: 0.123
[2019-07-02 22:56:34.246] [cpu_temp] [info] Cpu temperature: 0.123
[2019-07-02 22:56:35.248] [cpu_temp] [info] Cpu temperature: 0.123
[2019-07-02 22:56:36.252] [cpu_temp] [info] Cpu temperature: 0.123
[2019-07-02 22:56:37.257] [cpu_temp] [info] Cpu temperature: 0.123
[2019-07-02 22:56:38.261] [cpu_temp] [info] Cpu temperature: 0.123
[2019-07-02 22:56:39.266] [cpu_temp] [info] Cpu temperature: 0.123
[2019-07-02 22:56:40.271] [cpu_temp] [info] Cpu temperature: 0.123
[2019-07-02 22:56:41.273] [cpu_temp] [info] Cpu temperature: 0.123
[2019-07-02 22:56:42.274] [cpu_temp] [info] Cpu temperature: 0.123
[2019-07-02 22:56:43.276] [cpu_temp] [info] Cpu temperature: 0.123
[2019-07-02 22:56:44.277] [cpu_temp] [info] Cpu temperature: 0.123
[2019-07-02 22:56:45.279] [cpu_temp] [info] Cpu temperature: 0.123
[2019-07-02 22:56:46.284] [cpu_temp] [info] Cpu temperature: 0.123
[2019-07-02 22:56:47.292] [cpu_temp] [info] Cpu temperature: 0.123
[2019-07-02 22:56:48.294] [cpu_temp] [info] Cpu temperature: 0.123
[2019-07-02 22:56:49.299] [cpu_temp] [info] Cpu temperature: 0.123
[2019-07-02 22:56:50.304] [cpu_temp] [info] Cpu temperature: 0.123
[2019-07-02 22:56:51.307] [cpu_temp] [info] Cpu temperature: 0.123
[2019-07-02 22:56:52.307] [cpu_temp] [info] Cpu temperature: 0.123
[2019-07-02 22:56:53.312] [cpu_temp] [info] Cpu temperature: 0.123
[2019-07-02 22:56:54.318] [cpu_temp] [info] Cpu temperature: 0.123
[2019-07-02 22:56:55.318] [cpu_temp] [info] Cpu temperature: 0.123
[2019-07-02 22:56:56.323] [cpu_temp] [info] Cpu temperature: 0.123
[2019-07-02 22:56:57.329] [cpu_temp] [info] Cpu temperature: 0.123
[2019-07-02 22:56:58.334] [cpu_temp] [info] Cpu temperature: 0.123
[2019-07-02 22:56:59.339] [cpu_temp] [info] Cpu temperature: 0.123
[2019-07-02 22:57:00.340] [cpu_temp] [info] Cpu temperature: 0.123
[2019-07-02 22:57:01.345] [cpu_temp] [info] Cpu temperature: 0.123
[2019-07-02 22:57:02.351] [cpu_temp] [info] Cpu temperature: 0.123
[2019-07-02 22:57:03.356] [cpu_temp] [info] Cpu temperature: 0.123
[2019-07-02 22:57:04.357] [cpu_temp] [info] Cpu temperature: 0.123
[2019-07-02 22:57:05.360] [cpu_temp] [info] Cpu temperature: 0.123
[2019-07-02 22:57:06.361] [cpu_temp] [info] Cpu temperature: 0.123
[2019-07-02 22:57:07.366] [cpu_temp] [info] Cpu temperature: 0.123
[2019-07-02 22:57:08.371] [cpu_temp] [info] Cpu temperature: 0.123
[2019-07-02 22:57:09.373] [cpu_temp] [info] Cpu temperature: 0.123
[2019-07-02 22:57:10.374] [cpu_temp] [info] Cpu temperature: 0.123
[2019-07-02 22:57:11.376] [cpu_temp] [info] Cpu temperature: 0.123
[2019-07-02 22:57:12.376] [cpu_temp] [info] Cpu temperature: 0.123
[2019-07-02 22:57:13.377] [cpu_temp] [info] Cpu temperature: 0.123
[2019-07-02 22:57:14.382] [cpu_temp] [info] Cpu temperature: 0.123
[2019-07-02 22:57:15.387] [cpu_temp] [info] Cpu temperature: 0.123
[2019-07-02 22:57:16.389] [cpu_temp] [info] Cpu temperature: 0.123
[2019-07-02 22:57:17.400] [cpu_temp] [info] Cpu temperature: 0.123
[2019-07-02 22:57:18.405] [cpu_temp] [info] Cpu temperature: 0.123
[2019-07-02 22:57:19.408] [cpu_temp] [info] Cpu temperature: 0.123
[2019-07-02 22:57:20.409] [cpu_temp] [info] Cpu temperature: 0.123
[2019-07-02 22:57:21.409] [cpu_temp] [info] Cpu temperature: 0.123
[2019-07-02 22:57:22.410] [cpu_temp] [info] Cpu temperature: 0.123
[2019-07-02 22:57:23.415] [cpu_temp] [info] Cpu temperature: 0.123
[2019-07-02 22:57:24.415] [cpu_temp] [info] Cpu temperature: 0.123
[2019-07-02 22:57:25.421] [cpu_temp] [info] Cpu temperature: 0.123
[2019-07-02 22:57:26.422] [cpu_temp] [info] Cpu temperature: 0.123
[2019-07-02 22:57:27.422] [cpu_temp] [info] Cpu temperature: 0.123
[2019-07-02 22:57:28.422] [cpu_temp] [info] Cpu temperature: 0.123
[2019-07-02 22:57:29.427] [cpu_temp] [info] Cpu temperature: 0.123
[2019-07-02 22:57:30.431] [cpu_temp] [info] Cpu temperature: 0.123
[2019-07-02 22:57:31.435] [cpu_temp] [info] Cpu temperature: 0.123
[2019-07-02 22:57:32.440] [cpu_temp] [info] Cpu temperature: 0.123
[2019-07-02 22:57:33.441] [cpu_temp] [info] Cpu temperature: 0.123
[2019-07-02 22:57:34.446] [cpu_temp] [info] Cpu temperature: 0.123
[2019-07-02 22:57:35.449] [cpu_temp] [info] Cpu temperature: 0.123
[2019-07-02 22:57:36.450] [cpu_temp] [info] Cpu temperature: 0.123
[2019-07-02 22:57:37.455] [cpu_temp] [info] Cpu temperature: 0.123
[2019-07-02 22:57:38.455] [cpu_temp] [info] Cpu temperature: 0.123
[2019-07-02 22:57:39.460] [cpu_temp] [info] Cpu temperature: 0.123
[2019-07-02 22:57:40.466] [cpu_temp] [info] Cpu temperature: 0.123
[2019-07-02 22:57:41.468] [cpu_temp] [info] Cpu temperature: 0.123
[2019-07-02 22:57:42.472] [cpu_temp] [info] Cpu temperature: 0.123
[2019-07-02 22:57:43.477] [cpu_temp] [info] Cpu temperature: 0.123
[2019-07-02 22:57:44.479] [cpu_temp] [info] Cpu temperature: 0.123
[2019-07-02 22:57:45.485] [cpu_temp] [info] Cpu temperature: 0.123
[2019-07-02 22:57:46.488] [cpu_temp] [info] Cpu temperature: 0.123
[2019-07-02 22:57:47.495] [cpu_temp] [info] Cpu temperature: 0.123
[2019-07-02 22:57:48.500] [cpu_temp] [info] Cpu temperature: 0.123
[2019-07-02 22:57:49.505] [cpu_temp] [info] Cpu temperature: 0.123
[2019-07-02 22:57:50.510] [cpu_temp] [info] Cpu temperature: 0.123
[2019-07-02 22:57:51.514] [cpu_temp] [info] Cpu temperature: 0.123
[2019-07-02 22:57:52.515] [cpu_temp] [info] Cpu temperature: 0.123
[2019-07-02 22:57:53.519] [cpu_temp] [info] Cpu temperature: 0.123
[2019-07-02 22:57:54.524] [cpu_temp] [info] Cpu temperature: 0.123
[2019-07-02 22:57:55.528] [cpu_temp] [info] Cpu temperature: 0.123
[2019-07-02 22:57:56.532] [cpu_temp] [info] Cpu temperature: 0.123
[2019-07-02 22:57:57.537] [cpu_temp] [info] Cpu temperature: 0.123
[2019-07-02 22:57:58.541] [cpu_temp] [info] Cpu temperature: 0.123
[2019-07-02 22:57:59.546] [cpu_temp] [info] Cpu temperature: 0.123
[2019-07-02 22:58:00.550] [cpu_temp] [info] Cpu temperature: 0.123
[2019-07-02 22:58:01.555] [cpu_temp] [info] Cpu temperature: 0.123
[2019-07-02 22:58:02.560] [cpu_temp] [info] Cpu temperature: 0.123
[2019-07-02 22:58:03.565] [cpu_temp] [info] Cpu temperature: 0.123
[2019-07-02 22:58:04.570] [cpu_temp] [info] Cpu temperature: 0.123
[2019-07-02 22:58:05.571] [cpu_temp] [info] Cpu temperature: 0.123
[2019-07-02 22:58:06.571] [cpu_temp] [info] Cpu temperature: 0.123
[2019-07-02 22:58:07.576] [cpu_temp] [info] Cpu temperature: 0.123
[2019-07-02 22:58:08.582] [cpu_temp] [info] Cpu temperature: 0.123
[2019-07-02 22:58:09.582] [cpu_temp] [info] Cpu temperature: 0.123
[2019-07-02 22:58:10.588] [cpu_temp] [info] Cpu temperature: 0.123
[2019-07-02 22:58:11.593] [cpu_temp] [info] Cpu temperature: 0.123
[2019-07-02 22:58:12.598] [cpu_temp] [info] Cpu temperature: 0.123
[2019-07-02 22:58:13.599] [cpu_temp] [info] Cpu temperature: 0.123
[2019-07-02 22:58:14.605] [cpu_temp] [info] Cpu temperature: 0.123
[2019-07-02 22:58:15.610] [cpu_temp] [info] Cpu temperature: 0.123
[2019-07-02 22:58:16.611] [cpu_temp] [info] Cpu temperature: 0.123
[2019-07-02 22:58:17.618] [cpu_temp] [info] Cpu temperature: 0.123
[2019-07-02 22:58:18.621] [cpu_temp] [info] Cpu temperature: 0.123
[2019-07-02 22:58:19.622] [cpu_temp] [info] Cpu temperature: 0.123
[2019-07-02 22:58:20.623] [cpu_temp] [info] Cpu temperature: 0.123
[2019-07-02 22:58:21.623] [cpu_temp] [info] Cpu temperature: 0.123
[2019-07-02 22:58:22.624] [cpu_temp] [info] Cpu temperature: 0.123
[2019-07-02 22:58:23.626] [cpu_temp] [info] Cpu temperature: 0.123
[2019-07-02 22:58:24.630] [cpu_temp] [info] Cpu temperature: 0.123
[2019-07-02 22:58:25.633] [cpu_temp] [info] Cpu temperature: 0.123
[2019-07-02 22:58:26.636] [cpu_temp] [info] Cpu temperature: 0.123
[2019-07-02 22:58:27.638] [cpu_temp] [info] Cpu temperature: 0.123
[2019-07-02 22:58:28.642] [cpu_temp] [info] Cpu temperature: 0.123
[2019-07-02 22:58:29.647] [cpu_temp] [info] Cpu temperature: 0.123
[2019-07-02 22:58:30.649] [cpu_temp] [info] Cpu temperature: 0.123
[2019-07-02 22:58:31.652] [cpu_temp] [info] Cpu temperature: 0.123
[2019-07-02 22:58:32.653] [cpu_temp] [info] Cpu temperature: 0.123
[2019-07-02 22:58:33.653] [cpu_temp] [info] Cpu temperature: 0.123
[2019-07-02 22:58:34.654] [cpu_temp] [info] Cpu temperature: 0.123
[2019-07-02 22:58:35.659] [cpu_temp] [info] Cpu temperature: 0.123
[2019-07-02 22:58:36.664] [cpu_temp] [info] Cpu temperature: 0.123
[2019-07-02 22:58:37.670] [cpu_temp] [info] Cpu temperature: 0.123
[2019-07-02 22:58:38.670] [cpu_temp] [info] Cpu temperature: 0.123
[2019-07-02 22:58:39.675] [cpu_temp] [info] Cpu temperature: 0.123
[2019-07-02 22:58:40.681] [cpu_temp] [info] Cpu temperature: 0.123
[2019-07-02 22:58:41.681] [cpu_temp] [info] Cpu temperature: 0.123
[2019-07-02 22:58:42.685] [cpu_temp] [info] Cpu temperature: 0.123
[2019-07-02 22:58:43.686] [cpu_temp] [info] Cpu temperature: 0.123
[2019-07-02 22:58:44.692] [cpu_temp] [info] Cpu temperature: 0.123
[2019-07-02 22:58:45.697] [cpu_temp] [info] Cpu temperature: 0.123
[2019-07-02 22:58:46.703] [cpu_temp] [info] Cpu temperature: 0.123
[2019-07-02 22:58:47.712] [cpu_temp] [info] Cpu temperature: 0.123
[2019-07-02 22:58:48.712] [cpu_temp] [info] Cpu temperature: 0.123
[2019-07-02 22:58:49.715] [cpu_temp] [info] Cpu temperature: 0.123
[2019-07-02 22:58:50.719] [cpu_temp] [info] Cpu temperature: 0.123
[2019-07-02 22:58:51.720] [cpu_temp] [info] Cpu temperature: 0.123
[2019-07-02 22:58:52.725] [cpu_temp] [info] Cpu temperature: 0.123
[2019-07-02 22:58:53.729] [cpu_temp] [info] Cpu temperature: 0.123
[2019-07-02 22:58:54.733] [cpu_temp] [info] Cpu temperature: 0.123
[2019-07-02 22:58:55.736] [cpu_temp] [info] Cpu temperature: 0.123
[2019-07-02 22:58:56.741] [cpu_temp] [info] Cpu temperature: 0.123
[2019-07-02 22:58:57.747] [cpu_temp] [info] Cpu temperature: 0.123
[2019-07-02 22:58:58.750] [cpu_temp] [info] Cpu temperature: 0.123
[2019-07-02 22:58:59.753] [cpu_temp] [info] Cpu temperature: 0.123
[2019-07-02 22:59:00.753] [cpu_temp] [info] Cpu temperature: 0.123
[2019-07-02 22:59:01.756] [cpu_temp] [info] Cpu temperature: 0.123
[2019-07-02 22:59:02.756] [cpu_temp] [info] Cpu temperature: 0.123
[2019-07-02 22:59:03.760] [cpu_temp] [info] Cpu temperature: 0.123
[2019-07-02 22:59:04.764] [cpu_temp] [info] Cpu temperature: 0.123
[2019-07-02 22:59:05.769] [cpu_temp] [info] Cpu temperature: 0.123
[2019-07-02 22:59:06.770] [cpu_temp] [info] Cpu temperature: 0.123
[2019-07-02 22:59:07.776] [cpu_temp] [info] Cpu temperature: 0.123
[2019-07-02 22:59:08.778] [cpu_temp] [info] Cpu temperature: 0.123
[2019-07-02 22:59:09.783] [cpu_temp] [info] Cpu temperature: 0.123
[2019-07-02 22:59:10.786] [cpu_temp] [info] Cpu temperature: 0.123
[2019-07-02 22:59:11.786] [cpu_temp] [info] Cpu temperature: 0.123
[2019-07-02 22:59:12.787] [cpu_temp] [info] Cpu temperature: 0.123
[2019-07-02 22:59:13.789] [cpu_temp] [info] Cpu temperature: 0.123
[2019-07-02 22:59:14.790] [cpu_temp] [info] Cpu temperature: 0.123
[2019-07-02 22:59:15.795] [cpu_temp] [info] Cpu temperature: 0.123
[2019-07-02 22:59:16.799] [cpu_temp] [info] Cpu temperature: 0.123
[2019-07-02 22:59:17.804] [cpu_temp] [info] Cpu temperature: 0.123
[2019-07-02 22:59:18.806] [cpu_temp] [info] Cpu temperature: 0.123
[2019-07-02 22:59:19.808] [cpu_temp] [info] Cpu temperature: 0.123
[2019-07-02 22:59:20.809] [cpu_temp] [info] Cpu temperature: 0.123
[2019-07-02 22:59:21.811] [cpu_temp] [info] Cpu temperature: 0.123
[2019-07-02 22:59:22.814] [cpu_temp] [info] Cpu temperature: 0.123
[2019-07-02 22:59:23.818] [cpu_temp] [info] Cpu temperature: 0.123
[2019-07-02 22:59:24.819] [cpu_temp] [info] Cpu temperature: 0.123
[2019-07-02 22:59:25.821] [cpu_temp] [info] Cpu temperature: 0.123
[2019-07-02 22:59:26.826] [cpu_temp] [info] Cpu temperature: 0.123
[2019-07-02 22:59:27.831] [cpu_temp] [info] Cpu temperature: 0.123
[2019-07-02 22:59:28.835] [cpu_temp] [info] Cpu temperature: 0.123
[2019-07-02 22:59:29.839] [cpu_temp] [info] Cpu temperature: 0.123
[2019-07-02 22:59:30.840] [cpu_temp] [info] Cpu temperature: 0.123
[2019-07-02 22:59:31.846] [cpu_temp] [info] Cpu temperature: 0.123
[2019-07-02 22:59:32.849] [cpu_temp] [info] Cpu temperature: 0.123
[2019-07-02 22:59:33.850] [cpu_temp] [info] Cpu temperature: 0.123
[2019-07-02 22:59:34.851] [cpu_temp] [info] Cpu temperature: 0.123
[2019-07-02 22:59:35.851] [cpu_temp] [info] Cpu temperature: 0.123
[2019-07-02 22:59:36.855] [cpu_temp] [info] Cpu temperature: 0.123
[2019-07-02 22:59:37.859] [cpu_temp] [info] Cpu temperature: 0.123
[2019-07-02 22:59:38.860] [cpu_temp] [info] Cpu temperature: 0.123
[2019-07-02 22:59:39.862] [cpu_temp] [info] Cpu temperature: 0.123
[2019-07-02 22:59:40.866] [cpu_temp] [info] Cpu temperature: 0.123
[2019-07-02 22:59:41.867] [cpu_temp] [info] Cpu temperature: 0.123
[2019-07-02 22:59:42.868] [cpu_temp] [info] Cpu temperature: 0.123
[2019-07-02 22:59:43.873] [cpu_temp] [info] Cpu temperature: 0.123
[2019-07-02 22:59:44.874] [cpu_temp] [info] Cpu temperature: 0.123
[2019-07-02 22:59:45.877] [cpu_temp] [info] Cpu temperature: 0.123
[2019-07-02 22:59:46.882] [cpu_temp] [info] Cpu temperature: 0.123
[2019-07-02 22:59:47.890] [cpu_temp] [info] Cpu temperature: 0.123
[2019-07-02 22:59:48.895] [cpu_temp] [info] Cpu temperature: 0.123
[2019-07-02 22:59:49.896] [cpu_temp] [info] Cpu temperature: 0.123
[2019-07-02 22:59:50.901] [cpu_temp] [info] Cpu temperature: 0.123
[2019-07-02 22:59:51.903] [cpu_temp] [info] Cpu temperature: 0.123
[2019-07-02 22:59:52.908] [cpu_temp] [info] Cpu temperature: 0.123
[2019-07-02 22:59:53.912] [cpu_temp] [info] Cpu temperature: 0.123
[2019-07-02 22:59:54.917] [cpu_temp] [info] Cpu temperature: 0.123
[2019-07-02 22:59:55.917] [cpu_temp] [info] Cpu temperature: 0.123
[2019-07-02 22:59:56.923] [cpu_temp] [info] Cpu temperature: 0.123
[2019-07-02 22:59:57.927] [cpu_temp] [info] Cpu temperature: 0.123
[2019-07-02 22:59:58.928] [cpu_temp] [info] Cpu temperature: 0.123
[2019-07-02 22:59:59.934] [cpu_temp] [info] Cpu temperature: 0.123
[2019-07-02 23:00:00.937] [cpu_temp] [info] Cpu temperature: 0.123
[2019-07-02 23:00:01.937] [cpu_temp] [info] Cpu temperature: 0.123
[2019-07-02 23:00:02.939] [cpu_temp] [info] Cpu temperature: 0.123
[2019-07-02 23:00:03.939] [cpu_temp] [info] Cpu temperature: 0.123
[2019-07-02 23:00:04.944] [cpu_temp] [info] Cpu temperature: 0.123
[2019-07-02 23:00:05.945] [cpu_temp] [info] Cpu temperature: 0.123
[2019-07-02 23:00:06.947] [cpu_temp] [info] Cpu temperature: 0.123
[2019-07-02 23:00:07.950] [cpu_temp] [info] Cpu temperature: 0.123
[2019-07-02 23:00:08.957] [cpu_temp] [info] Cpu temperature: 0.123
[2019-07-02 23:00:09.962] [cpu_temp] [info] Cpu temperature: 0.123
[2019-07-02 23:00:10.967] [cpu_temp] [info] Cpu temperature: 0.123
[2019-07-02 23:00:11.967] [cpu_temp] [info] Cpu temperature: 0.123
[2019-07-02 23:00:12.973] [cpu_temp] [info] Cpu temperature: 0.123
[2019-07-02 23:00:13.973] [cpu_temp] [info] Cpu temperature: 0.123
[2019-07-02 23:00:14.973] [cpu_temp] [info] Cpu temperature: 0.123
[2019-07-02 23:00:15.974] [cpu_temp] [info] Cpu temperature: 0.123
[2019-07-02 23:00:16.979] [cpu_temp] [info] Cpu temperature: 0.123
[2019-07-02 23:00:17.982] [cpu_temp] [info] Cpu temperature: 0.123
[2019-07-02 23:00:18.983] [cpu_temp] [info] Cpu temperature: 0.123
[2019-07-02 23:00:19.987] [cpu_temp] [info] Cpu temperature: 0.123
[2019-07-02 23:00:20.992] [cpu_temp] [info] Cpu temperature: 0.123
[2019-07-02 23:00:21.998] [cpu_temp] [info] Cpu temperature: 0.123
[2019-07-02 23:00:22.999] [cpu_temp] [info] Cpu temperature: 0.123
[2019-07-02 23:00:24.000] [cpu_temp] [info] Cpu temperature: 0.123
[2019-07-02 23:00:25.005] [cpu_temp] [info] Cpu temperature: 0.123
[2019-07-02 23:00:26.006] [cpu_temp] [info] Cpu temperature: 0.123
[2019-07-02 23:00:27.011] [cpu_temp] [info] Cpu temperature: 0.123
[2019-07-02 23:00:28.014] [cpu_temp] [info] Cpu temperature: 0.123
[2019-07-02 23:00:29.018] [cpu_temp] [info] Cpu temperature: 0.123
[2019-07-02 23:00:30.023] [cpu_temp] [info] Cpu temperature: 0.123
[2019-07-02 23:00:31.028] [cpu_temp] [info] Cpu temperature: 0.123
[2019-07-02 23:00:32.033] [cpu_temp] [info] Cpu temperature: 0.123
[2019-07-02 23:00:33.037] [cpu_temp] [info] Cpu temperature: 0.123
[2019-07-02 23:00:34.039] [cpu_temp] [info] Cpu temperature: 0.123
[2019-07-02 23:00:35.044] [cpu_temp] [info] Cpu temperature: 0.123
[2019-07-02 23:00:36.049] [cpu_temp] [info] Cpu temperature: 0.123
[2019-07-02 23:00:37.051] [cpu_temp] [info] Cpu temperature: 0.123
[2019-07-02 23:00:38.056] [cpu_temp] [info] Cpu temperature: 0.123
[2019-07-02 23:00:39.057] [cpu_temp] [info] Cpu temperature: 0.123
[2019-07-02 23:00:40.062] [cpu_temp] [info] Cpu temperature: 0.123
[2019-07-02 23:00:41.066] [cpu_temp] [info] Cpu temperature: 0.123
[2019-07-02 23:00:42.069] [cpu_temp] [info] Cpu temperature: 0.123
[2019-07-02 23:00:43.075] [cpu_temp] [info] Cpu temperature: 0.123
[2019-07-02 23:00:44.080] [cpu_temp] [info] Cpu temperature: 0.123
[2019-07-02 23:00:45.082] [cpu_temp] [info] Cpu temperature: 0.123
[2019-07-02 23:00:46.087] [cpu_temp] [info] Cpu temperature: 0.123
[2019-07-02 23:00:47.089] [cpu_temp] [info] Cpu temperature: 0.123
[2019-07-02 23:00:48.094] [cpu_temp] [info] Cpu temperature: 0.123
[2019-07-02 23:00:49.098] [cpu_temp] [info] Cpu temperature: 0.123
[2019-07-02 23:00:50.099] [cpu_temp] [info] Cpu temperature: 0.123
[2019-07-02 23:00:51.103] [cpu_temp] [info] Cpu temperature: 0.123
[2019-07-02 23:00:52.108] [cpu_temp] [info] Cpu temperature: 0.123
[2019-07-02 23:00:53.109] [cpu_temp] [info] Cpu temperature: 0.123
[2019-07-02 23:00:54.110] [cpu_temp] [info] Cpu temperature: 0.123
[2019-07-02 23:00:55.111] [cpu_temp] [info] Cpu temperature: 0.123
[2019-07-02 23:00:56.116] [cpu_temp] [info] Cpu temperature: 0.123
[2019-07-02 23:00:57.117] [cpu_temp] [info] Cpu temperature: 0.123
[2019-07-02 23:00:58.117] [cpu_temp] [info] Cpu temperature: 0.123
[2019-07-02 23:00:59.119] [cpu_temp] [info] Cpu temperature: 0.123
[2019-07-02 23:01:00.120] [cpu_temp] [info] Cpu temperature: 0.123
[2019-07-02 23:01:01.122] [cpu_temp] [info] Cpu temperature: 0.123
[2019-07-02 23:01:02.124] [cpu_temp] [info] Cpu temperature: 0.123
[2019-07-02 23:01:03.125] [cpu_temp] [info] Cpu temperature: 0.123
[2019-07-02 23:01:04.127] [cpu_temp] [info] Cpu temperature: 0.123
[2019-07-02 23:01:05.129] [cpu_temp] [info] Cpu temperature: 0.123
[2019-07-02 23:01:06.132] [cpu_temp] [info] Cpu temperature: 0.123
[2019-07-02 23:01:07.136] [cpu_temp] [info] Cpu temperature: 0.123
[2019-07-02 23:01:08.138] [cpu_temp] [info] Cpu temperature: 0.123
[2019-07-02 23:01:09.139] [cpu_temp] [info] Cpu temperature: 0.123
[2019-07-02 23:01:10.144] [cpu_temp] [info] Cpu temperature: 0.123
[2019-07-02 23:01:11.146] [cpu_temp] [info] Cpu temperature: 0.123
[2019-07-02 23:01:12.148] [cpu_temp] [info] Cpu temperature: 0.123
[2019-07-02 23:01:13.151] [cpu_temp] [info] Cpu temperature: 0.123
[2019-07-02 23:01:14.153] [cpu_temp] [info] Cpu temperature: 0.123
[2019-07-02 23:01:15.154] [cpu_temp] [info] Cpu temperature: 0.123
[2019-07-02 23:01:16.156] [cpu_temp] [info] Cpu temperature: 0.123
[2019-07-02 23:01:17.178] [cpu_temp] [info] Cpu temperature: 0.123
[2019-07-02 23:01:18.181] [cpu_temp] [info] Cpu temperature: 0.123
[2019-07-02 23:01:19.184] [cpu_temp] [info] Cpu temperature: 0.123
[2019-07-02 23:01:20.188] [cpu_temp] [info] Cpu temperature: 0.123
[2019-07-02 23:01:21.193] [cpu_temp] [info] Cpu temperature: 0.123
[2019-07-02 23:01:22.195] [cpu_temp] [info] Cpu temperature: 0.123
[2019-07-02 23:01:23.200] [cpu_temp] [info] Cpu temperature: 0.123
[2019-07-02 23:01:24.205] [cpu_temp] [info] Cpu temperature: 0.123
[2019-07-02 23:01:25.211] [cpu_temp] [info] Cpu temperature: 0.123
[2019-07-02 23:01:26.216] [cpu_temp] [info] Cpu temperature: 0.123
[2019-07-02 23:01:27.217] [cpu_temp] [info] Cpu temperature: 0.123
[2019-07-02 23:01:28.220] [cpu_temp] [info] Cpu temperature: 0.123
[2019-07-02 23:01:29.220] [cpu_temp] [info] Cpu temperature: 0.123
[2019-07-02 23:01:30.226] [cpu_temp] [info] Cpu temperature: 0.123
[2019-07-02 23:01:31.231] [cpu_temp] [info] Cpu temperature: 0.123
[2019-07-02 23:01:32.231] [cpu_temp] [info] Cpu temperature: 0.123
[2019-07-02 23:01:33.237] [cpu_temp] [info] Cpu temperature: 0.123
[2019-07-02 23:01:34.242] [cpu_temp] [info] Cpu temperature: 0.123
[2019-07-02 23:01:35.247] [cpu_temp] [info] Cpu temperature: 0.123
[2019-07-02 23:01:36.248] [cpu_temp] [info] Cpu temperature: 0.123
[2019-07-02 23:01:37.253] [cpu_temp] [info] Cpu temperature: 0.123
[2019-07-02 23:01:38.257] [cpu_temp] [info] Cpu temperature: 0.123
[2019-07-02 23:01:39.262] [cpu_temp] [info] Cpu temperature: 0.123
[2019-07-02 23:01:40.263] [cpu_temp] [info] Cpu temperature: 0.123
[2019-07-02 23:01:41.265] [cpu_temp] [info] Cpu temperature: 0.123
[2019-07-02 23:01:42.271] [cpu_temp] [info] Cpu temperature: 0.123
[2019-07-02 23:01:43.275] [cpu_temp] [info] Cpu temperature: 0.123
[2019-07-02 23:01:44.277] [cpu_temp] [info] Cpu temperature: 0.123
[2019-07-02 23:01:45.282] [cpu_temp] [info] Cpu temperature: 0.123
[2019-07-02 23:01:46.282] [cpu_temp] [info] Cpu temperature: 0.123
[2019-07-02 23:01:47.288] [cpu_temp] [info] Cpu temperature: 0.123
[2019-07-02 23:01:48.294] [cpu_temp] [info] Cpu temperature: 0.123
[2019-07-02 23:01:49.298] [cpu_temp] [info] Cpu temperature: 0.123
[2019-07-02 23:01:50.303] [cpu_temp] [info] Cpu temperature: 0.123
[2019-07-02 23:01:51.307] [cpu_temp] [info] Cpu temperature: 0.123
[2019-07-02 23:01:52.311] [cpu_temp] [info] Cpu temperature: 0.123
[2019-07-02 23:01:53.316] [cpu_temp] [info] Cpu temperature: 0.123
[2019-07-02 23:01:54.321] [cpu_temp] [info] Cpu temperature: 0.123
[2019-07-02 23:01:55.327] [cpu_temp] [info] Cpu temperature: 0.123
[2019-07-02 23:01:56.327] [cpu_temp] [info] Cpu temperature: 0.123
[2019-07-02 23:01:57.330] [cpu_temp] [info] Cpu temperature: 0.123
[2019-07-02 23:01:58.333] [cpu_temp] [info] Cpu temperature: 0.123
[2019-07-02 23:01:59.333] [cpu_temp] [info] Cpu temperature: 0.123
[2019-07-02 23:02:00.335] [cpu_temp] [info] Cpu temperature: 0.123
[2019-07-02 23:02:01.336] [cpu_temp] [info] Cpu temperature: 0.123
[2019-07-02 23:02:02.340] [cpu_temp] [info] Cpu temperature: 0.123
[2019-07-02 23:02:03.341] [cpu_temp] [info] Cpu temperature: 0.123
[2019-07-02 23:02:04.341] [cpu_temp] [info] Cpu temperature: 0.123
[2019-07-02 23:02:05.346] [cpu_temp] [info] Cpu temperature: 0.123
[2019-07-02 23:02:06.351] [cpu_temp] [info] Cpu temperature: 0.123
[2019-07-02 23:02:07.351] [cpu_temp] [info] Cpu temperature: 0.123
[2019-07-02 23:02:08.357] [cpu_temp] [info] Cpu temperature: 0.123
[2019-07-02 23:02:09.360] [cpu_temp] [info] Cpu temperature: 0.123
[2019-07-02 23:02:10.362] [cpu_temp] [info] Cpu temperature: 0.123
[2019-07-02 23:02:11.363] [cpu_temp] [info] Cpu temperature: 0.123
[2019-07-02 23:02:12.368] [cpu_temp] [info] Cpu temperature: 0.123
[2019-07-02 23:02:13.371] [cpu_temp] [info] Cpu temperature: 0.123
[2019-07-02 23:02:14.373] [cpu_temp] [info] Cpu temperature: 0.123
[2019-07-02 23:02:15.374] [cpu_temp] [info] Cpu temperature: 0.123
[2019-07-02 23:02:16.379] [cpu_temp] [info] Cpu temperature: 0.123
[2019-07-02 23:02:17.382] [cpu_temp] [info] Cpu temperature: 0.123
[2019-07-02 23:02:18.383] [cpu_temp] [info] Cpu temperature: 0.123
[2019-07-02 23:02:19.385] [cpu_temp] [info] Cpu temperature: 0.123
[2019-07-02 23:02:20.385] [cpu_temp] [info] Cpu temperature: 0.123
[2019-07-02 23:02:21.386] [cpu_temp] [info] Cpu temperature: 0.123
[2019-07-02 23:02:22.390] [cpu_temp] [info] Cpu temperature: 0.123
[2019-07-02 23:02:23.396] [cpu_temp] [info] Cpu temperature: 0.123
[2019-07-02 23:02:24.401] [cpu_temp] [info] Cpu temperature: 0.123
[2019-07-02 23:02:25.406] [cpu_temp] [info] Cpu temperature: 0.123
[2019-07-02 23:02:26.412] [cpu_temp] [info] Cpu temperature: 0.123
[2019-07-02 23:02:27.412] [cpu_temp] [info] Cpu temperature: 0.123
[2019-07-02 23:02:28.416] [cpu_temp] [info] Cpu temperature: 0.123
[2019-07-02 23:02:29.422] [cpu_temp] [info] Cpu temperature: 0.123
[2019-07-02 23:02:30.424] [cpu_temp] [info] Cpu temperature: 0.123
[2019-07-02 23:02:31.428] [cpu_temp] [info] Cpu temperature: 0.123
[2019-07-02 23:02:32.429] [cpu_temp] [info] Cpu temperature: 0.123
[2019-07-02 23:02:33.433] [cpu_temp] [info] Cpu temperature: 0.123
[2019-07-02 23:02:34.439] [cpu_temp] [info] Cpu temperature: 0.123
[2019-07-02 23:02:35.439] [cpu_temp] [info] Cpu temperature: 0.123
[2019-07-02 23:02:36.444] [cpu_temp] [info] Cpu temperature: 0.123
[2019-07-02 23:02:37.445] [cpu_temp] [info] Cpu temperature: 0.123
[2019-07-02 23:02:38.449] [cpu_temp] [info] Cpu temperature: 0.123
[2019-07-02 23:02:39.454] [cpu_temp] [info] Cpu temperature: 0.123
[2019-07-02 23:02:40.459] [cpu_temp] [info] Cpu temperature: 0.123
[2019-07-02 23:02:41.465] [cpu_temp] [info] Cpu temperature: 0.123
[2019-07-02 23:02:42.470] [cpu_temp] [info] Cpu temperature: 0.123
[2019-07-02 23:02:43.475] [cpu_temp] [info] Cpu temperature: 0.123
[2019-07-02 23:02:44.481] [cpu_temp] [info] Cpu temperature: 0.123
[2019-07-02 23:02:45.486] [cpu_temp] [info] Cpu temperature: 0.123
[2019-07-02 23:02:46.486] [cpu_temp] [info] Cpu temperature: 0.123
[2019-07-02 23:02:47.491] [cpu_temp] [info] Cpu temperature: 0.123
[2019-07-02 23:02:48.495] [cpu_temp] [info] Cpu temperature: 0.123
[2019-07-02 23:02:49.500] [cpu_temp] [info] Cpu temperature: 0.123
[2019-07-02 23:02:50.505] [cpu_temp] [info] Cpu temperature: 0.123
[2019-07-02 23:02:51.507] [cpu_temp] [info] Cpu temperature: 0.123
[2019-07-02 23:02:52.511] [cpu_temp] [info] Cpu temperature: 0.123
[2019-07-02 23:02:53.515] [cpu_temp] [info] Cpu temperature: 0.123
[2019-07-02 23:02:54.520] [cpu_temp] [info] Cpu temperature: 0.123
[2019-07-02 23:02:55.521] [cpu_temp] [info] Cpu temperature: 0.123
[2019-07-02 23:02:56.526] [cpu_temp] [info] Cpu temperature: 0.123
[2019-07-02 23:02:57.529] [cpu_temp] [info] Cpu temperature: 0.123
[2019-07-02 23:02:58.529] [cpu_temp] [info] Cpu temperature: 0.123
[2019-07-02 23:02:59.535] [cpu_temp] [info] Cpu temperature: 0.123
[2019-07-02 23:03:00.536] [cpu_temp] [info] Cpu temperature: 0.123
[2019-07-02 23:03:01.542] [cpu_temp] [info] Cpu temperature: 0.123
[2019-07-02 23:03:02.544] [cpu_temp] [info] Cpu temperature: 0.123
[2019-07-02 23:03:03.550] [cpu_temp] [info] Cpu temperature: 0.123
[2019-07-02 23:03:04.554] [cpu_temp] [info] Cpu temperature: 0.123
[2019-07-02 23:03:05.556] [cpu_temp] [info] Cpu temperature: 0.123
[2019-07-02 23:03:06.561] [cpu_temp] [info] Cpu temperature: 0.123
[2019-07-02 23:03:07.561] [cpu_temp] [info] Cpu temperature: 0.123
[2019-07-02 23:03:08.566] [cpu_temp] [info] Cpu temperature: 0.123
[2019-07-02 23:03:09.570] [cpu_temp] [info] Cpu temperature: 0.123
[2019-07-02 23:03:10.572] [cpu_temp] [info] Cpu temperature: 0.123
[2019-07-02 23:03:11.572] [cpu_temp] [info] Cpu temperature: 0.123
[2019-07-02 23:03:12.576] [cpu_temp] [info] Cpu temperature: 0.123
[2019-07-02 23:03:13.577] [cpu_temp] [info] Cpu temperature: 0.123
[2019-07-02 23:03:14.578] [cpu_temp] [info] Cpu temperature: 0.123
[2019-07-02 23:03:15.583] [cpu_temp] [info] Cpu temperature: 0.123
[2019-07-02 23:03:16.583] [cpu_temp] [info] Cpu temperature: 0.123
[2019-07-02 23:03:17.589] [cpu_temp] [info] Cpu temperature: 0.123
[2019-07-02 23:03:18.593] [cpu_temp] [info] Cpu temperature: 0.123
[2019-07-02 23:03:19.594] [cpu_temp] [info] Cpu temperature: 0.123
[2019-07-02 23:03:20.599] [cpu_temp] [info] Cpu temperature: 0.123
[2019-07-02 23:03:21.602] [cpu_temp] [info] Cpu temperature: 0.123
[2019-07-02 23:03:22.603] [cpu_temp] [info] Cpu temperature: 0.123
[2019-07-02 23:03:23.608] [cpu_temp] [info] Cpu temperature: 0.123
[2019-07-02 23:03:24.610] [cpu_temp] [info] Cpu temperature: 0.123
[2019-07-02 23:03:25.610] [cpu_temp] [info] Cpu temperature: 0.123
[2019-07-02 23:03:26.612] [cpu_temp] [info] Cpu temperature: 0.123
[2019-07-02 23:03:27.614] [cpu_temp] [info] Cpu temperature: 0.123
[2019-07-02 23:03:28.620] [cpu_temp] [info] Cpu temperature: 0.123
[2019-07-02 23:03:29.621] [cpu_temp] [info] Cpu temperature: 0.123
[2019-07-02 23:03:30.623] [cpu_temp] [info] Cpu temperature: 0.123
[2019-07-02 23:03:31.629] [cpu_temp] [info] Cpu temperature: 0.123
[2019-07-02 23:03:32.634] [cpu_temp] [info] Cpu temperature: 0.123
[2019-07-02 23:03:33.635] [cpu_temp] [info] Cpu temperature: 0.123
[2019-07-02 23:03:34.638] [cpu_temp] [info] Cpu temperature: 0.123
[2019-07-02 23:03:35.640] [cpu_temp] [info] Cpu temperature: 0.123
[2019-07-02 23:03:36.645] [cpu_temp] [info] Cpu temperature: 0.123
[2019-07-02 23:03:37.648] [cpu_temp] [info] Cpu temperature: 0.123
[2019-07-02 23:03:38.654] [cpu_temp] [info] Cpu temperature: 0.123
[2019-07-02 23:03:39.659] [cpu_temp] [info] Cpu temperature: 0.123
[2019-07-02 23:03:40.660] [cpu_temp] [info] Cpu temperature: 0.123
[2019-07-02 23:03:41.661] [cpu_temp] [info] Cpu temperature: 0.123
[2019-07-02 23:03:42.666] [cpu_temp] [info] Cpu temperature: 0.123
[2019-07-02 23:03:43.671] [cpu_temp] [info] Cpu temperature: 0.123
[2019-07-02 23:03:44.676] [cpu_temp] [info] Cpu temperature: 0.123
[2019-07-02 23:03:45.680] [cpu_temp] [info] Cpu temperature: 0.123
[2019-07-02 23:03:46.685] [cpu_temp] [info] Cpu temperature: 0.123
[2019-07-02 23:03:47.693] [cpu_temp] [info] Cpu temperature: 0.123
[2019-07-02 23:03:48.695] [cpu_temp] [info] Cpu temperature: 0.123
[2019-07-02 23:03:49.695] [cpu_temp] [info] Cpu temperature: 0.123
[2019-07-02 23:03:50.696] [cpu_temp] [info] Cpu temperature: 0.123
[2019-07-02 23:03:51.697] [cpu_temp] [info] Cpu temperature: 0.123
[2019-07-02 23:03:52.697] [cpu_temp] [info] Cpu temperature: 0.123
[2019-07-02 23:03:53.699] [cpu_temp] [info] Cpu temperature: 0.123
[2019-07-02 23:03:54.704] [cpu_temp] [info] Cpu temperature: 0.123
[2019-07-02 23:03:55.708] [cpu_temp] [info] Cpu temperature: 0.123
[2019-07-02 23:03:56.709] [cpu_temp] [info] Cpu temperature: 0.123
[2019-07-02 23:03:57.713] [cpu_temp] [info] Cpu temperature: 0.123
[2019-07-02 23:03:58.714] [cpu_temp] [info] Cpu temperature: 0.123
[2019-07-02 23:03:59.720] [cpu_temp] [info] Cpu temperature: 0.123
[2019-07-02 23:04:00.725] [cpu_temp] [info] Cpu temperature: 0.123
[2019-07-02 23:04:01.726] [cpu_temp] [info] Cpu temperature: 0.123
[2019-07-02 23:04:02.731] [cpu_temp] [info] Cpu temperature: 0.123
[2019-07-02 23:04:03.736] [cpu_temp] [info] Cpu temperature: 0.123
[2019-07-02 23:04:04.740] [cpu_temp] [info] Cpu temperature: 0.123
[2019-07-02 23:04:05.742] [cpu_temp] [info] Cpu temperature: 0.123
[2019-07-02 23:04:06.742] [cpu_temp] [info] Cpu temperature: 0.123
[2019-07-02 23:04:07.742] [cpu_temp] [info] Cpu temperature: 0.123
[2019-07-02 23:04:08.743] [cpu_temp] [info] Cpu temperature: 0.123
[2019-07-02 23:04:09.748] [cpu_temp] [info] Cpu temperature: 0.123
[2019-07-02 23:04:10.750] [cpu_temp] [info] Cpu temperature: 0.123
[2019-07-02 23:04:11.751] [cpu_temp] [info] Cpu temperature: 0.123
[2019-07-02 23:04:12.751] [cpu_temp] [info] Cpu temperature: 0.123
[2019-07-02 23:04:13.753] [cpu_temp] [info] Cpu temperature: 0.123
[2019-07-02 23:04:14.758] [cpu_temp] [info] Cpu temperature: 0.123
[2019-07-02 23:04:15.763] [cpu_temp] [info] Cpu temperature: 0.123
[2019-07-02 23:04:16.768] [cpu_temp] [info] Cpu temperature: 0.123
[2019-07-02 23:04:17.775] [cpu_temp] [info] Cpu temperature: 0.123
[2019-07-02 23:04:18.780] [cpu_temp] [info] Cpu temperature: 0.123
[2019-07-02 23:04:19.782] [cpu_temp] [info] Cpu temperature: 0.123
[2019-07-02 23:04:20.783] [cpu_temp] [info] Cpu temperature: 0.123
[2019-07-02 23:04:21.788] [cpu_temp] [info] Cpu temperature: 0.123
[2019-07-02 23:04:22.791] [cpu_temp] [info] Cpu temperature: 0.123
[2019-07-02 23:04:23.796] [cpu_temp] [info] Cpu temperature: 0.123
[2019-07-02 23:04:24.801] [cpu_temp] [info] Cpu temperature: 0.123
[2019-07-02 23:04:25.807] [cpu_temp] [info] Cpu temperature: 0.123
[2019-07-02 23:04:26.808] [cpu_temp] [info] Cpu temperature: 0.123
[2019-07-02 23:04:27.809] [cpu_temp] [info] Cpu temperature: 0.123
[2019-07-02 23:04:28.815] [cpu_temp] [info] Cpu temperature: 0.123
[2019-07-02 23:04:29.817] [cpu_temp] [info] Cpu temperature: 0.123
[2019-07-02 23:04:30.818] [cpu_temp] [info] Cpu temperature: 0.123
[2019-07-02 23:04:31.823] [cpu_temp] [info] Cpu temperature: 0.123
[2019-07-02 23:04:32.828] [cpu_temp] [info] Cpu temperature: 0.123
[2019-07-02 23:04:33.829] [cpu_temp] [info] Cpu temperature: 0.123
[2019-07-02 23:04:34.833] [cpu_temp] [info] Cpu temperature: 0.123
[2019-07-02 23:04:35.838] [cpu_temp] [info] Cpu temperature: 0.123
[2019-07-02 23:04:36.840] [cpu_temp] [info] Cpu temperature: 0.123
[2019-07-02 23:04:37.841] [cpu_temp] [info] Cpu temperature: 0.123
[2019-07-02 23:04:38.844] [cpu_temp] [info] Cpu temperature: 0.123
[2019-07-02 23:04:39.846] [cpu_temp] [info] Cpu temperature: 0.123
[2019-07-02 23:04:40.850] [cpu_temp] [info] Cpu temperature: 0.123
[2019-07-02 23:04:41.852] [cpu_temp] [info] Cpu temperature: 0.123
[2019-07-02 23:04:42.852] [cpu_temp] [info] Cpu temperature: 0.123
[2019-07-02 23:04:43.858] [cpu_temp] [info] Cpu temperature: 0.123
[2019-07-02 23:04:44.861] [cpu_temp] [info] Cpu temperature: 0.123
[2019-07-02 23:04:45.862] [cpu_temp] [info] Cpu temperature: 0.123
[2019-07-02 23:04:46.867] [cpu_temp] [info] Cpu temperature: 0.123
[2019-07-02 23:04:47.874] [cpu_temp] [info] Cpu temperature: 0.123
[2019-07-02 23:04:48.875] [cpu_temp] [info] Cpu temperature: 0.123
[2019-07-02 23:04:49.876] [cpu_temp] [info] Cpu temperature: 0.123
[2019-07-02 23:04:50.879] [cpu_temp] [info] Cpu temperature: 0.123
[2019-07-02 23:04:51.879] [cpu_temp] [info] Cpu temperature: 0.123
[2019-07-02 23:04:52.881] [cpu_temp] [info] Cpu temperature: 0.123
[2019-07-02 23:04:53.881] [cpu_temp] [info] Cpu temperature: 0.123
[2019-07-02 23:04:54.887] [cpu_temp] [info] Cpu temperature: 0.123
[2019-07-02 23:04:55.890] [cpu_temp] [info] Cpu temperature: 0.123
[2019-07-02 23:04:56.891] [cpu_temp] [info] Cpu temperature: 0.123
[2019-07-02 23:04:57.896] [cpu_temp] [info] Cpu temperature: 0.123
[2019-07-02 23:04:58.896] [cpu_temp] [info] Cpu temperature: 0.123
[2019-07-02 23:04:59.899] [cpu_temp] [info] Cpu temperature: 0.123
[2019-07-02 23:05:00.902] [cpu_temp] [info] Cpu temperature: 0.123
[2019-07-02 23:05:01.906] [cpu_temp] [info] Cpu temperature: 0.123
[2019-07-02 23:05:02.911] [cpu_temp] [info] Cpu temperature: 0.123
[2019-07-02 23:05:03.912] [cpu_temp] [info] Cpu temperature: 0.123
[2019-07-02 23:05:04.917] [cpu_temp] [info] Cpu temperature: 0.123
[2019-07-02 23:05:05.917] [cpu_temp] [info] Cpu temperature: 0.123
[2019-07-02 23:05:06.917] [cpu_temp] [info] Cpu temperature: 0.123
[2019-07-02 23:05:07.917] [cpu_temp] [info] Cpu temperature: 0.123
[2019-07-02 23:05:08.918] [cpu_temp] [info] Cpu temperature: 0.123
[2019-07-02 23:05:09.918] [cpu_temp] [info] Cpu temperature: 0.123
[2019-07-02 23:05:10.923] [cpu_temp] [info] Cpu temperature: 0.123
[2019-07-02 23:05:11.929] [cpu_temp] [info] Cpu temperature: 0.123
[2019-07-02 23:05:12.934] [cpu_temp] [info] Cpu temperature: 0.123
[2019-07-02 23:05:13.935] [cpu_temp] [info] Cpu temperature: 0.123
[2019-07-02 23:05:14.939] [cpu_temp] [info] Cpu temperature: 0.123
[2019-07-02 23:05:15.944] [cpu_temp] [info] Cpu temperature: 0.123
[2019-07-02 23:05:16.949] [cpu_temp] [info] Cpu temperature: 0.123
[2019-07-02 23:05:17.956] [cpu_temp] [info] Cpu temperature: 0.123
[2019-07-02 23:05:18.957] [cpu_temp] [info] Cpu temperature: 0.123
[2019-07-02 23:05:19.962] [cpu_temp] [info] Cpu temperature: 0.123
[2019-07-02 23:05:20.967] [cpu_temp] [info] Cpu temperature: 0.123
[2019-07-02 23:05:21.968] [cpu_temp] [info] Cpu temperature: 0.123
[2019-07-02 23:05:22.973] [cpu_temp] [info] Cpu temperature: 0.123
[2019-07-02 23:05:23.975] [cpu_temp] [info] Cpu temperature: 0.123
[2019-07-02 23:05:24.980] [cpu_temp] [info] Cpu temperature: 0.123
[2019-07-02 23:05:25.986] [cpu_temp] [info] Cpu temperature: 0.123
[2019-07-02 23:05:26.989] [cpu_temp] [info] Cpu temperature: 0.123
[2019-07-02 23:05:27.990] [cpu_temp] [info] Cpu temperature: 0.123
[2019-07-02 23:05:28.990] [cpu_temp] [info] Cpu temperature: 0.123
[2019-07-02 23:05:29.990] [cpu_temp] [info] Cpu temperature: 0.123
[2019-07-02 23:05:30.991] [cpu_temp] [info] Cpu temperature: 0.123
[2019-07-02 23:05:31.992] [cpu_temp] [info] Cpu temperature: 0.123
[2019-07-02 23:05:32.994] [cpu_temp] [info] Cpu temperature: 0.123
[2019-07-02 23:05:33.996] [cpu_temp] [info] Cpu temperature: 0.123
[2019-07-02 23:05:35.000] [cpu_temp] [info] Cpu temperature: 0.123
[2019-07-02 23:05:36.003] [cpu_temp] [info] Cpu temperature: 0.123
[2019-07-02 23:05:37.005] [cpu_temp] [info] Cpu temperature: 0.123
[2019-07-02 23:05:38.006] [cpu_temp] [info] Cpu temperature: 0.123
[2019-07-02 23:05:39.010] [cpu_temp] [info] Cpu temperature: 0.123
[2019-07-02 23:05:40.014] [cpu_temp] [info] Cpu temperature: 0.123
[2019-07-02 23:05:41.018] [cpu_temp] [info] Cpu temperature: 0.123
[2019-07-02 23:05:42.022] [cpu_temp] [info] Cpu temperature: 0.123
[2019-07-02 23:05:43.027] [cpu_temp] [info] Cpu temperature: 0.123
[2019-07-02 23:05:44.032] [cpu_temp] [info] Cpu temperature: 0.123
[2019-07-02 23:05:45.037] [cpu_temp] [info] Cpu temperature: 0.123
[2019-07-02 23:05:46.039] [cpu_temp] [info] Cpu temperature: 0.123
[2019-07-02 23:05:47.043] [cpu_temp] [info] Cpu temperature: 0.123
[2019-07-02 23:05:48.052] [cpu_temp] [info] Cpu temperature: 0.123
[2019-07-02 23:05:49.055] [cpu_temp] [info] Cpu temperature: 0.123
[2019-07-02 23:05:50.056] [cpu_temp] [info] Cpu temperature: 0.123
[2019-07-02 23:05:51.062] [cpu_temp] [info] Cpu temperature: 0.123
[2019-07-02 23:05:52.067] [cpu_temp] [info] Cpu temperature: 0.123
[2019-07-02 23:05:53.072] [cpu_temp] [info] Cpu temperature: 0.123
[2019-07-02 23:05:54.075] [cpu_temp] [info] Cpu temperature: 0.123
[2019-07-02 23:05:55.076] [cpu_temp] [info] Cpu temperature: 0.123
[2019-07-02 23:05:56.081] [cpu_temp] [info] Cpu temperature: 0.123
[2019-07-02 23:05:57.087] [cpu_temp] [info] Cpu temperature: 0.123
[2019-07-02 23:05:58.089] [cpu_temp] [info] Cpu temperature: 0.123
[2019-07-02 23:05:59.094] [cpu_temp] [info] Cpu temperature: 0.123
[2019-07-02 23:06:00.095] [cpu_temp] [info] Cpu temperature: 0.123
[2019-07-02 23:06:01.101] [cpu_temp] [info] Cpu temperature: 0.123
[2019-07-02 23:06:02.105] [cpu_temp] [info] Cpu temperature: 0.123
[2019-07-02 23:06:03.110] [cpu_temp] [info] Cpu temperature: 0.123
[2019-07-02 23:06:04.111] [cpu_temp] [info] Cpu temperature: 0.123
[2019-07-02 23:06:05.113] [cpu_temp] [info] Cpu temperature: 0.123
[2019-07-02 23:06:06.113] [cpu_temp] [info] Cpu temperature: 0.123
[2019-07-02 23:06:07.115] [cpu_temp] [info] Cpu temperature: 0.123
[2019-07-02 23:06:08.120] [cpu_temp] [info] Cpu temperature: 0.123
[2019-07-02 23:06:09.121] [cpu_temp] [info] Cpu temperature: 0.123
[2019-07-02 23:06:10.127] [cpu_temp] [info] Cpu temperature: 0.123
[2019-07-02 23:06:11.128] [cpu_temp] [info] Cpu temperature: 0.123
[2019-07-02 23:06:12.133] [cpu_temp] [info] Cpu temperature: 0.123
[2019-07-02 23:06:13.138] [cpu_temp] [info] Cpu temperature: 0.123
[2019-07-02 23:06:14.138] [cpu_temp] [info] Cpu temperature: 0.123
[2019-07-02 23:06:15.141] [cpu_temp] [info] Cpu temperature: 0.123
[2019-07-02 23:06:16.142] [cpu_temp] [info] Cpu temperature: 0.123
[2019-07-02 23:06:17.147] [cpu_temp] [info] Cpu temperature: 0.123
[2019-07-02 23:06:18.155] [cpu_temp] [info] Cpu temperature: 0.123
[2019-07-02 23:06:19.157] [cpu_temp] [info] Cpu temperature: 0.123
[2019-07-02 23:06:20.158] [cpu_temp] [info] Cpu temperature: 0.123
[2019-07-02 23:06:21.163] [cpu_temp] [info] Cpu temperature: 0.123
[2019-07-02 23:06:22.169] [cpu_temp] [info] Cpu temperature: 0.123
[2019-07-02 23:06:23.170] [cpu_temp] [info] Cpu temperature: 0.123
[2019-07-02 23:06:24.171] [cpu_temp] [info] Cpu temperature: 0.123
[2019-07-02 23:06:25.172] [cpu_temp] [info] Cpu temperature: 0.123
[2019-07-02 23:06:26.178] [cpu_temp] [info] Cpu temperature: 0.123
[2019-07-02 23:06:27.180] [cpu_temp] [info] Cpu temperature: 0.123
[2019-07-02 23:06:28.181] [cpu_temp] [info] Cpu temperature: 0.123
[2019-07-02 23:06:29.187] [cpu_temp] [info] Cpu temperature: 0.123
[2019-07-02 23:06:30.190] [cpu_temp] [info] Cpu temperature: 0.123
[2019-07-02 23:06:31.195] [cpu_temp] [info] Cpu temperature: 0.123
[2019-07-02 23:06:32.201] [cpu_temp] [info] Cpu temperature: 0.123
[2019-07-02 23:06:33.203] [cpu_temp] [info] Cpu temperature: 0.123
[2019-07-02 23:06:34.204] [cpu_temp] [info] Cpu temperature: 0.123
[2019-07-02 23:06:35.204] [cpu_temp] [info] Cpu temperature: 0.123
[2019-07-02 23:06:36.205] [cpu_temp] [info] Cpu temperature: 0.123
[2019-07-02 23:06:37.210] [cpu_temp] [info] Cpu temperature: 0.123
[2019-07-02 23:06:38.213] [cpu_temp] [info] Cpu temperature: 0.123
[2019-07-02 23:06:39.213] [cpu_temp] [info] Cpu temperature: 0.123
[2019-07-02 23:06:40.218] [cpu_temp] [info] Cpu temperature: 0.123
[2019-07-02 23:06:41.220] [cpu_temp] [info] Cpu temperature: 0.123
[2019-07-02 23:06:42.221] [cpu_temp] [info] Cpu temperature: 0.123
[2019-07-02 23:06:43.226] [cpu_temp] [info] Cpu temperature: 0.123
[2019-07-02 23:06:44.229] [cpu_temp] [info] Cpu temperature: 0.123
[2019-07-02 23:06:45.230] [cpu_temp] [info] Cpu temperature: 0.123
[2019-07-02 23:06:46.235] [cpu_temp] [info] Cpu temperature: 0.123
[2019-07-02 23:06:47.244] [cpu_temp] [info] Cpu temperature: 0.123
[2019-07-02 23:06:48.249] [cpu_temp] [info] Cpu temperature: 0.123
[2019-07-02 23:06:49.254] [cpu_temp] [info] Cpu temperature: 0.123
[2019-07-02 23:06:50.259] [cpu_temp] [info] Cpu temperature: 0.123
[2019-07-02 23:06:51.264] [cpu_temp] [info] Cpu temperature: 0.123
[2019-07-02 23:06:52.266] [cpu_temp] [info] Cpu temperature: 0.123
[2019-07-02 23:06:53.269] [cpu_temp] [info] Cpu temperature: 0.123
[2019-07-02 23:06:54.270] [cpu_temp] [info] Cpu temperature: 0.123
[2019-07-02 23:06:55.274] [cpu_temp] [info] Cpu temperature: 0.123
[2019-07-02 23:06:56.276] [cpu_temp] [info] Cpu temperature: 0.123
[2019-07-02 23:06:57.278] [cpu_temp] [info] Cpu temperature: 0.123
[2019-07-02 23:06:58.280] [cpu_temp] [info] Cpu temperature: 0.123
[2019-07-02 23:06:59.280] [cpu_temp] [info] Cpu temperature: 0.123
[2019-07-02 23:07:00.281] [cpu_temp] [info] Cpu temperature: 0.123
[2019-07-02 23:07:01.286] [cpu_temp] [info] Cpu temperature: 0.123
[2019-07-02 23:07:02.292] [cpu_temp] [info] Cpu temperature: 0.123
[2019-07-02 23:07:03.295] [cpu_temp] [info] Cpu temperature: 0.123
[2019-07-02 23:07:04.297] [cpu_temp] [info] Cpu temperature: 0.123
[2019-07-02 23:07:05.302] [cpu_temp] [info] Cpu temperature: 0.123
[2019-07-02 23:07:06.308] [cpu_temp] [info] Cpu temperature: 0.123
[2019-07-02 23:07:07.313] [cpu_temp] [info] Cpu temperature: 0.123
[2019-07-02 23:07:08.318] [cpu_temp] [info] Cpu temperature: 0.123
[2019-07-02 23:07:09.321] [cpu_temp] [info] Cpu temperature: 0.123
[2019-07-02 23:07:10.326] [cpu_temp] [info] Cpu temperature: 0.123
[2019-07-02 23:07:11.329] [cpu_temp] [info] Cpu temperature: 0.123
[2019-07-02 23:07:12.334] [cpu_temp] [info] Cpu temperature: 0.123
[2019-07-02 23:07:13.337] [cpu_temp] [info] Cpu temperature: 0.123
[2019-07-02 23:07:14.340] [cpu_temp] [info] Cpu temperature: 0.123
[2019-07-02 23:07:15.340] [cpu_temp] [info] Cpu temperature: 0.123
[2019-07-02 23:07:16.346] [cpu_temp] [info] Cpu temperature: 0.123
[2019-07-02 23:07:17.354] [cpu_temp] [info] Cpu temperature: 0.123
[2019-07-02 23:07:18.357] [cpu_temp] [info] Cpu temperature: 0.123
[2019-07-02 23:07:19.358] [cpu_temp] [info] Cpu temperature: 0.123
[2019-07-02 23:07:20.359] [cpu_temp] [info] Cpu temperature: 0.123
[2019-07-02 23:07:21.360] [cpu_temp] [info] Cpu temperature: 0.123
[2019-07-02 23:07:22.365] [cpu_temp] [info] Cpu temperature: 0.123
[2019-07-02 23:07:23.369] [cpu_temp] [info] Cpu temperature: 0.123
[2019-07-02 23:07:24.371] [cpu_temp] [info] Cpu temperature: 0.123
[2019-07-02 23:07:25.375] [cpu_temp] [info] Cpu temperature: 0.123
[2019-07-02 23:07:26.376] [cpu_temp] [info] Cpu temperature: 0.123
[2019-07-02 23:07:27.376] [cpu_temp] [info] Cpu temperature: 0.123
[2019-07-02 23:07:28.380] [cpu_temp] [info] Cpu temperature: 0.123
[2019-07-02 23:07:29.385] [cpu_temp] [info] Cpu temperature: 0.123
[2019-07-02 23:07:30.386] [cpu_temp] [info] Cpu temperature: 0.123
[2019-07-02 23:07:31.390] [cpu_temp] [info] Cpu temperature: 0.123
[2019-07-02 23:07:32.392] [cpu_temp] [info] Cpu temperature: 0.123
[2019-07-02 23:07:33.398] [cpu_temp] [info] Cpu temperature: 0.123
[2019-07-02 23:07:34.401] [cpu_temp] [info] Cpu temperature: 0.123
[2019-07-02 23:07:35.402] [cpu_temp] [info] Cpu temperature: 0.123
[2019-07-02 23:07:36.402] [cpu_temp] [info] Cpu temperature: 0.123
[2019-07-02 23:07:37.407] [cpu_temp] [info] Cpu temperature: 0.123
[2019-07-02 23:07:38.410] [cpu_temp] [info] Cpu temperature: 0.123
[2019-07-02 23:07:39.410] [cpu_temp] [info] Cpu temperature: 0.123
[2019-07-02 23:07:40.413] [cpu_temp] [info] Cpu temperature: 0.123
[2019-07-02 23:07:41.418] [cpu_temp] [info] Cpu temperature: 0.123
[2019-07-02 23:07:42.420] [cpu_temp] [info] Cpu temperature: 0.123
[2019-07-02 23:07:43.425] [cpu_temp] [info] Cpu temperature: 0.123
[2019-07-02 23:07:44.431] [cpu_temp] [info] Cpu temperature: 0.123
[2019-07-02 23:07:45.434] [cpu_temp] [info] Cpu temperature: 0.123
[2019-07-02 23:07:46.435] [cpu_temp] [info] Cpu temperature: 0.123
[2019-07-02 23:07:47.443] [cpu_temp] [info] Cpu temperature: 0.123
[2019-07-02 23:07:48.444] [cpu_temp] [info] Cpu temperature: 0.123
[2019-07-02 23:07:49.447] [cpu_temp] [info] Cpu temperature: 0.123
[2019-07-02 23:07:50.451] [cpu_temp] [info] Cpu temperature: 0.123
[2019-07-02 23:07:51.456] [cpu_temp] [info] Cpu temperature: 0.123
[2019-07-02 23:07:52.456] [cpu_temp] [info] Cpu temperature: 0.123
[2019-07-02 23:07:53.459] [cpu_temp] [info] Cpu temperature: 0.123
[2019-07-02 23:07:54.464] [cpu_temp] [info] Cpu temperature: 0.123
[2019-07-02 23:07:55.465] [cpu_temp] [info] Cpu temperature: 0.123
[2019-07-02 23:07:56.468] [cpu_temp] [info] Cpu temperature: 0.123
[2019-07-02 23:07:57.472] [cpu_temp] [info] Cpu temperature: 0.123
[2019-07-02 23:07:58.475] [cpu_temp] [info] Cpu temperature: 0.123
[2019-07-02 23:07:59.476] [cpu_temp] [info] Cpu temperature: 0.123
[2019-07-02 23:08:00.482] [cpu_temp] [info] Cpu temperature: 0.123
[2019-07-02 23:08:01.484] [cpu_temp] [info] Cpu temperature: 0.123
[2019-07-02 23:08:02.486] [cpu_temp] [info] Cpu temperature: 0.123
[2019-07-02 23:08:03.492] [cpu_temp] [info] Cpu temperature: 0.123
[2019-07-02 23:08:04.496] [cpu_temp] [info] Cpu temperature: 0.123
[2019-07-02 23:08:05.497] [cpu_temp] [info] Cpu temperature: 0.123
[2019-07-02 23:08:06.499] [cpu_temp] [info] Cpu temperature: 0.123
[2019-07-02 23:08:07.505] [cpu_temp] [info] Cpu temperature: 0.123
[2019-07-02 23:08:08.510] [cpu_temp] [info] Cpu temperature: 0.123
[2019-07-02 23:08:09.515] [cpu_temp] [info] Cpu temperature: 0.123
[2019-07-02 23:08:10.521] [cpu_temp] [info] Cpu temperature: 0.123
[2019-07-02 23:08:11.526] [cpu_temp] [info] Cpu temperature: 0.123
[2019-07-02 23:08:12.530] [cpu_temp] [info] Cpu temperature: 0.123
[2019-07-02 23:08:13.534] [cpu_temp] [info] Cpu temperature: 0.123
[2019-07-02 23:08:14.539] [cpu_temp] [info] Cpu temperature: 0.123
[2019-07-02 23:08:15.540] [cpu_temp] [info] Cpu temperature: 0.123
[2019-07-02 23:08:16.545] [cpu_temp] [info] Cpu temperature: 0.123
[2019-07-02 23:08:17.551] [cpu_temp] [info] Cpu temperature: 0.123
[2019-07-02 23:08:18.556] [cpu_temp] [info] Cpu temperature: 0.123
[2019-07-02 23:08:19.562] [cpu_temp] [info] Cpu temperature: 0.123
[2019-07-02 23:08:20.568] [cpu_temp] [info] Cpu temperature: 0.123
[2019-07-02 23:08:21.569] [cpu_temp] [info] Cpu temperature: 0.123
[2019-07-02 23:08:22.571] [cpu_temp] [info] Cpu temperature: 0.123
[2019-07-02 23:08:23.577] [cpu_temp] [info] Cpu temperature: 0.123
[2019-07-02 23:08:24.581] [cpu_temp] [info] Cpu temperature: 0.123
[2019-07-02 23:08:25.584] [cpu_temp] [info] Cpu temperature: 0.123
[2019-07-02 23:08:26.586] [cpu_temp] [info] Cpu temperature: 0.123
[2019-07-02 23:08:27.587] [cpu_temp] [info] Cpu temperature: 0.123
[2019-07-02 23:08:28.588] [cpu_temp] [info] Cpu temperature: 0.123
[2019-07-02 23:08:29.593] [cpu_temp] [info] Cpu temperature: 0.123
[2019-07-02 23:08:30.595] [cpu_temp] [info] Cpu temperature: 0.123
[2019-07-02 23:08:31.601] [cpu_temp] [info] Cpu temperature: 0.123
[2019-07-02 23:08:32.601] [cpu_temp] [info] Cpu temperature: 0.123
[2019-07-02 23:08:33.607] [cpu_temp] [info] Cpu temperature: 0.123
[2019-07-02 23:08:34.612] [cpu_temp] [info] Cpu temperature: 0.123
[2019-07-02 23:08:35.618] [cpu_temp] [info] Cpu temperature: 0.123
[2019-07-02 23:08:36.623] [cpu_temp] [info] Cpu temperature: 0.123
[2019-07-02 23:08:37.625] [cpu_temp] [info] Cpu temperature: 0.123
[2019-07-02 23:08:38.630] [cpu_temp] [info] Cpu temperature: 0.123
[2019-07-02 23:08:39.635] [cpu_temp] [info] Cpu temperature: 0.123
[2019-07-02 23:08:40.641] [cpu_temp] [info] Cpu temperature: 0.123
[2019-07-02 23:08:41.641] [cpu_temp] [info] Cpu temperature: 0.123
[2019-07-02 23:08:42.647] [cpu_temp] [info] Cpu temperature: 0.123
[2019-07-02 23:08:43.652] [cpu_temp] [info] Cpu temperature: 0.123
[2019-07-02 23:08:44.655] [cpu_temp] [info] Cpu temperature: 0.123
[2019-07-02 23:08:45.658] [cpu_temp] [info] Cpu temperature: 0.123
[2019-07-02 23:08:46.659] [cpu_temp] [info] Cpu temperature: 0.123
[2019-07-02 23:08:47.663] [cpu_temp] [info] Cpu temperature: 0.123
[2019-07-02 23:08:48.669] [cpu_temp] [info] Cpu temperature: 0.123
[2019-07-02 23:08:49.674] [cpu_temp] [info] Cpu temperature: 0.123
[2019-07-02 23:08:50.680] [cpu_temp] [info] Cpu temperature: 0.123
[2019-07-02 23:08:51.681] [cpu_temp] [info] Cpu temperature: 0.123
[2019-07-02 23:08:52.686] [cpu_temp] [info] Cpu temperature: 0.123
[2019-07-02 23:08:53.692] [cpu_temp] [info] Cpu temperature: 0.123
[2019-07-02 23:08:54.697] [cpu_temp] [info] Cpu temperature: 0.123
[2019-07-02 23:08:55.703] [cpu_temp] [info] Cpu temperature: 0.123
[2019-07-02 23:08:56.703] [cpu_temp] [info] Cpu temperature: 0.123
[2019-07-02 23:08:57.703] [cpu_temp] [info] Cpu temperature: 0.123
[2019-07-02 23:08:58.709] [cpu_temp] [info] Cpu temperature: 0.123
[2019-07-02 23:08:59.709] [cpu_temp] [info] Cpu temperature: 0.123
[2019-07-02 23:09:00.714] [cpu_temp] [info] Cpu temperature: 0.123
[2019-07-02 23:09:01.718] [cpu_temp] [info] Cpu temperature: 0.123
[2019-07-02 23:09:02.722] [cpu_temp] [info] Cpu temperature: 0.123
[2019-07-02 23:09:03.725] [cpu_temp] [info] Cpu temperature: 0.123
[2019-07-02 23:09:04.726] [cpu_temp] [info] Cpu temperature: 0.123
[2019-07-02 23:09:05.731] [cpu_temp] [info] Cpu temperature: 0.123
[2019-07-02 23:09:06.737] [cpu_temp] [info] Cpu temperature: 0.123
[2019-07-02 23:09:07.738] [cpu_temp] [info] Cpu temperature: 0.123
[2019-07-02 23:09:08.741] [cpu_temp] [info] Cpu temperature: 0.123
[2019-07-02 23:09:09.742] [cpu_temp] [info] Cpu temperature: 0.123
[2019-07-02 23:09:10.742] [cpu_temp] [info] Cpu temperature: 0.123
[2019-07-02 23:09:11.743] [cpu_temp] [info] Cpu temperature: 0.123
[2019-07-02 23:09:12.743] [cpu_temp] [info] Cpu temperature: 0.123
[2019-07-02 23:09:13.745] [cpu_temp] [info] Cpu temperature: 0.123
[2019-07-02 23:09:14.748] [cpu_temp] [info] Cpu temperature: 0.123
[2019-07-02 23:09:15.748] [cpu_temp] [info] Cpu temperature: 0.123
[2019-07-02 23:09:16.753] [cpu_temp] [info] Cpu temperature: 0.123
[2019-07-02 23:09:17.760] [cpu_temp] [info] Cpu temperature: 0.123
[2019-07-02 23:09:18.765] [cpu_temp] [info] Cpu temperature: 0.123
[2019-07-02 23:09:19.770] [cpu_temp] [info] Cpu temperature: 0.123
[2019-07-02 23:09:20.772] [cpu_temp] [info] Cpu temperature: 0.123
[2019-07-02 23:09:21.777] [cpu_temp] [info] Cpu temperature: 0.123
[2019-07-02 23:09:22.783] [cpu_temp] [info] Cpu temperature: 0.123
[2019-07-02 23:09:23.783] [cpu_temp] [info] Cpu temperature: 0.123
[2019-07-02 23:09:24.789] [cpu_temp] [info] Cpu temperature: 0.123
[2019-07-02 23:09:25.790] [cpu_temp] [info] Cpu temperature: 0.123
[2019-07-02 23:09:26.791] [cpu_temp] [info] Cpu temperature: 0.123
[2019-07-02 23:09:27.796] [cpu_temp] [info] Cpu temperature: 0.123
[2019-07-02 23:09:28.799] [cpu_temp] [info] Cpu temperature: 0.123
[2019-07-02 23:09:29.800] [cpu_temp] [info] Cpu temperature: 0.123
[2019-07-02 23:09:30.804] [cpu_temp] [info] Cpu temperature: 0.123
[2019-07-02 23:09:31.805] [cpu_temp] [info] Cpu temperature: 0.123
[2019-07-02 23:09:32.810] [cpu_temp] [info] Cpu temperature: 0.123
[2019-07-02 23:09:33.811] [cpu_temp] [info] Cpu temperature: 0.123
[2019-07-02 23:09:34.813] [cpu_temp] [info] Cpu temperature: 0.123
[2019-07-02 23:09:35.818] [cpu_temp] [info] Cpu temperature: 0.123
[2019-07-02 23:09:36.821] [cpu_temp] [info] Cpu temperature: 0.123
[2019-07-02 23:09:37.822] [cpu_temp] [info] Cpu temperature: 0.123
[2019-07-02 23:09:38.824] [cpu_temp] [info] Cpu temperature: 0.123
[2019-07-02 23:09:39.824] [cpu_temp] [info] Cpu temperature: 0.123
[2019-07-02 23:09:40.830] [cpu_temp] [info] Cpu temperature: 0.123
[2019-07-02 23:09:41.833] [cpu_temp] [info] Cpu temperature: 0.123
[2019-07-02 23:09:42.837] [cpu_temp] [info] Cpu temperature: 0.123
[2019-07-02 23:09:43.838] [cpu_temp] [info] Cpu temperature: 0.123
[2019-07-02 23:09:44.842] [cpu_temp] [info] Cpu temperature: 0.123
[2019-07-02 23:09:45.843] [cpu_temp] [info] Cpu temperature: 0.123
[2019-07-02 23:09:46.849] [cpu_temp] [info] Cpu temperature: 0.123
[2019-07-02 23:09:47.855] [cpu_temp] [info] Cpu temperature: 0.123
[2019-07-02 23:09:48.855] [cpu_temp] [info] Cpu temperature: 0.123
[2019-07-02 23:09:49.855] [cpu_temp] [info] Cpu temperature: 0.123
[2019-07-02 23:09:50.856] [cpu_temp] [info] Cpu temperature: 0.123
[2019-07-02 23:09:51.857] [cpu_temp] [info] Cpu temperature: 0.123
[2019-07-02 23:09:52.862] [cpu_temp] [info] Cpu temperature: 0.123
[2019-07-02 23:09:53.864] [cpu_temp] [info] Cpu temperature: 0.123
[2019-07-02 23:09:54.866] [cpu_temp] [info] Cpu temperature: 0.123
[2019-07-02 23:09:55.871] [cpu_temp] [info] Cpu temperature: 0.123
[2019-07-02 23:09:56.876] [cpu_temp] [info] Cpu temperature: 0.123
[2019-07-02 23:09:57.882] [cpu_temp] [info] Cpu temperature: 0.123
[2019-07-02 23:09:58.885] [cpu_temp] [info] Cpu temperature: 0.123
[2019-07-02 23:09:59.886] [cpu_temp] [info] Cpu temperature: 0.123
[2019-07-02 23:10:00.888] [cpu_temp] [info] Cpu temperature: 0.123
[2019-07-02 23:10:01.890] [cpu_temp] [info] Cpu temperature: 0.123
[2019-07-02 23:10:02.890] [cpu_temp] [info] Cpu temperature: 0.123
[2019-07-02 23:10:03.891] [cpu_temp] [info] Cpu temperature: 0.123
[2019-07-02 23:10:04.891] [cpu_temp] [info] Cpu temperature: 0.123
[2019-07-02 23:10:05.894] [cpu_temp] [info] Cpu temperature: 0.123
[2019-07-02 23:13:01.087] [cpu_temp] [info] Starting app...
[2019-07-02 23:13:01.088] [cpu_temp] [info] Config parsed.
[2019-07-02 23:13:01.089] [cpu_temp] [info] Socket opened at: 15001
[2019-07-02 23:13:02.095] [cpu_temp] [info] Cpu temperature: 0.123
[2019-07-02 23:13:03.095] [cpu_temp] [info] Cpu temperature: 0.123
[2019-07-02 23:13:04.100] [cpu_temp] [info] Cpu temperature: 0.123
[2019-07-02 23:13:05.101] [cpu_temp] [info] Cpu temperature: 0.123
[2019-07-02 23:13:06.103] [cpu_temp] [info] Cpu temperature: 0.123
[2019-07-02 23:13:07.108] [cpu_temp] [info] Cpu temperature: 0.123
[2019-07-02 23:13:08.114] [cpu_temp] [info] Cpu temperature: 0.123
[2019-07-02 23:13:09.117] [cpu_temp] [info] Cpu temperature: 0.123
[2019-07-02 23:13:10.122] [cpu_temp] [info] Cpu temperature: 0.123
[2019-07-02 23:13:11.123] [cpu_temp] [info] Cpu temperature: 0.123
[2019-07-02 23:13:12.128] [cpu_temp] [info] Cpu temperature: 0.123
[2019-07-02 23:13:13.132] [cpu_temp] [info] Cpu temperature: 0.123
[2019-07-02 23:13:14.137] [cpu_temp] [info] Cpu temperature: 0.123
[2019-07-02 23:13:15.142] [cpu_temp] [info] Cpu temperature: 0.123
[2019-07-02 23:13:16.146] [cpu_temp] [info] Cpu temperature: 0.123
[2019-07-02 23:13:17.152] [cpu_temp] [info] Cpu temperature: 0.123
[2019-07-02 23:13:18.155] [cpu_temp] [info] Cpu temperature: 0.123
[2019-07-02 23:13:19.160] [cpu_temp] [info] Cpu temperature: 0.123
[2019-07-02 23:13:20.163] [cpu_temp] [info] Cpu temperature: 0.123
[2019-07-02 23:13:21.164] [cpu_temp] [info] Cpu temperature: 0.123
[2019-07-02 23:13:22.165] [cpu_temp] [info] Cpu temperature: 0.123
[2019-07-02 23:13:23.170] [cpu_temp] [info] Cpu temperature: 0.123
[2019-07-02 23:13:24.175] [cpu_temp] [info] Cpu temperature: 0.123
[2019-07-02 23:13:25.178] [cpu_temp] [info] Cpu temperature: 0.123
[2019-07-02 23:13:26.184] [cpu_temp] [info] Cpu temperature: 0.123
[2019-07-02 23:13:27.189] [cpu_temp] [info] Cpu temperature: 0.123
[2019-07-02 23:13:28.191] [cpu_temp] [info] Cpu temperature: 0.123
[2019-07-02 23:13:29.194] [cpu_temp] [info] Cpu temperature: 0.123
[2019-07-02 23:13:30.200] [cpu_temp] [info] Cpu temperature: 0.123
[2019-07-02 23:14:09.349] [cpu_temp] [info] Starting app...
[2019-07-02 23:14:09.350] [cpu_temp] [error] I/O error while reading config file.
[2019-07-02 23:14:29.780] [cpu_temp] [info] Starting app...
[2019-07-02 23:14:29.781] [cpu_temp] [info] Config parsed.
[2019-07-02 23:14:29.782] [cpu_temp] [info] Socket opened at: 15001
[2019-07-02 23:14:30.783] [cpu_temp] [info] Cpu temperature: 0.123
[2019-07-02 23:14:31.789] [cpu_temp] [info] Cpu temperature: 0.123
[2019-07-02 23:14:32.794] [cpu_temp] [info] Cpu temperature: 0.123
[2019-07-02 23:14:33.796] [cpu_temp] [info] Cpu temperature: 0.123
[2019-07-02 23:14:34.799] [cpu_temp] [info] Cpu temperature: 0.123
[2019-07-02 23:14:35.804] [cpu_temp] [info] Cpu temperature: 0.123
[2019-07-02 23:14:36.804] [cpu_temp] [info] Cpu temperature: 0.123
[2019-07-03 09:20:28.052] [cpu_temp] [info] Starting app...
[2019-07-03 09:20:28.053] [cpu_temp] [info] Config parsed.
[2019-07-03 09:20:28.056] [cpu_temp] [info] Socket opened at: 15001
[2019-07-03 09:20:29.063] [cpu_temp] [info] Cpu temperature: 0.123
[2019-07-03 09:20:30.068] [cpu_temp] [info] Cpu temperature: 0.123
[2019-07-03 09:20:31.069] [cpu_temp] [info] Cpu temperature: 0.123
[2019-07-03 09:20:32.074] [cpu_temp] [info] Cpu temperature: 0.123
[2019-07-03 09:20:33.084] [cpu_temp] [info] Cpu temperature: 0.123
[2019-07-03 09:20:34.089] [cpu_temp] [info] Cpu temperature: 0.123
[2019-07-03 09:20:35.095] [cpu_temp] [info] Cpu temperature: 0.123
[2019-07-03 09:20:36.095] [cpu_temp] [info] Cpu temperature: 0.123
[2019-07-03 09:20:37.101] [cpu_temp] [info] Cpu temperature: 0.123
[2019-07-03 09:20:38.106] [cpu_temp] [info] Cpu temperature: 0.123
[2019-07-03 09:20:39.112] [cpu_temp] [info] Cpu temperature: 0.123
[2019-07-03 09:20:40.113] [cpu_temp] [info] Cpu temperature: 0.123
[2019-07-03 09:20:41.119] [cpu_temp] [info] Cpu temperature: 0.123
[2019-07-03 09:20:42.124] [cpu_temp] [info] Cpu temperature: 0.123
[2019-07-03 09:20:43.125] [cpu_temp] [info] Cpu temperature: 0.123
[2019-07-03 09:20:44.130] [cpu_temp] [info] Cpu temperature: 0.123
[2019-07-03 09:20:45.135] [cpu_temp] [info] Cpu temperature: 0.123
[2019-07-03 09:20:46.138] [cpu_temp] [info] Cpu temperature: 0.123
[2019-07-03 09:20:47.142] [cpu_temp] [info] Cpu temperature: 0.123
[2019-07-03 09:20:48.147] [cpu_temp] [info] Cpu temperature: 0.123
[2019-07-03 09:20:49.152] [cpu_temp] [info] Cpu temperature: 0.123
[2019-07-03 09:20:50.158] [cpu_temp] [info] Cpu temperature: 0.123
[2019-07-03 09:20:51.159] [cpu_temp] [info] Cpu temperature: 0.123
[2019-07-03 09:20:52.164] [cpu_temp] [info] Cpu temperature: 0.123
[2019-07-03 09:20:53.170] [cpu_temp] [info] Cpu temperature: 0.123
[2019-07-03 09:20:54.175] [cpu_temp] [info] Cpu temperature: 0.123
[2019-07-03 09:20:55.180] [cpu_temp] [info] Cpu temperature: 0.123
[2019-07-03 09:20:56.186] [cpu_temp] [info] Cpu temperature: 0.123
[2019-07-03 09:20:57.186] [cpu_temp] [info] Cpu temperature: 0.123
[2019-07-03 09:20:58.187] [cpu_temp] [info] Cpu temperature: 0.123
[2019-07-03 09:20:59.190] [cpu_temp] [info] Cpu temperature: 0.123
[2019-07-03 09:21:00.195] [cpu_temp] [info] Cpu temperature: 0.123
[2019-07-03 09:21:01.198] [cpu_temp] [info] Cpu temperature: 0.123
[2019-07-03 09:21:02.203] [cpu_temp] [info] Cpu temperature: 0.123
[2019-07-03 09:21:03.209] [cpu_temp] [info] Cpu temperature: 0.123
[2019-07-03 09:21:04.212] [cpu_temp] [info] Cpu temperature: 0.123
[2019-07-03 09:21:05.213] [cpu_temp] [info] Cpu temperature: 0.123
[2019-07-03 09:21:06.218] [cpu_temp] [info] Cpu temperature: 0.123
[2019-07-03 09:21:07.222] [cpu_temp] [info] Cpu temperature: 0.123
[2019-07-03 09:21:08.227] [cpu_temp] [info] Cpu temperature: 0.123
[2019-07-03 09:21:09.232] [cpu_temp] [info] Cpu temperature: 0.123
[2019-07-03 09:21:10.235] [cpu_temp] [info] Cpu temperature: 0.123
[2019-07-03 09:21:11.237] [cpu_temp] [info] Cpu temperature: 0.123
[2019-07-03 09:21:12.242] [cpu_temp] [info] Cpu temperature: 0.123
[2019-07-03 09:21:13.248] [cpu_temp] [info] Cpu temperature: 0.123
[2019-07-03 09:21:14.249] [cpu_temp] [info] Cpu temperature: 0.123
[2019-07-03 09:21:15.254] [cpu_temp] [info] Cpu temperature: 0.123
[2019-07-03 09:21:16.255] [cpu_temp] [info] Cpu temperature: 0.123
[2019-07-03 09:21:17.260] [cpu_temp] [info] Cpu temperature: 0.123
